The system is: Linux - 5.15.0-138-generic - x86_64
Compiling the C compiler identification source file "CMakeCCompilerId.c" succeeded.
Compiler: /opt/loongson-gnu-toolchain-8.3-x86_64-loongarch64-linux-gnu-rc1.4/bin/loongarch64-linux-gnu-gcc 
Build flags: 
Id flags:  

The output was:
0


Compilation of the C compiler identification source "CMakeCCompilerId.c" produced "a.out"

The C compiler identification is GNU, found in "/home/yuqing/2k300/code/Camera_5G/build/CMakeFiles/3.16.3/CompilerIdC/a.out"

Compiling the CXX compiler identification source file "CMakeCXXCompilerId.cpp" succeeded.
Compiler: /opt/loongson-gnu-toolchain-8.3-x86_64-loongarch64-linux-gnu-rc1.4/bin/loongarch64-linux-gnu-g++ 
Build flags: 
Id flags:  

The output was:
0


Compilation of the CXX compiler identification source "CMakeCXXCompilerId.cpp" produced "a.out"

The CXX compiler identification is GNU, found in "/home/yuqing/2k300/code/Camera_5G/build/CMakeFiles/3.16.3/CompilerIdCXX/a.out"

Determining if the C compiler works passed with the following output:
Change Dir: /home/yuqing/2k300/code/Camera_5G/build/CMakeFiles/CMakeTmp

Run Build Command(s):/usr/bin/make cmTC_b16ed/fast && /usr/bin/make -f CMakeFiles/cmTC_b16ed.dir/build.make CMakeFiles/cmTC_b16ed.dir/build
make[1]: Entering directory '/home/yuqing/2k300/code/Camera_5G/build/CMakeFiles/CMakeTmp'
Building C object CMakeFiles/cmTC_b16ed.dir/testCCompiler.c.o
/opt/loongson-gnu-toolchain-8.3-x86_64-loongarch64-linux-gnu-rc1.4/bin/loongarch64-linux-gnu-gcc    -o CMakeFiles/cmTC_b16ed.dir/testCCompiler.c.o   -c /home/yuqing/2k300/code/Camera_5G/build/CMakeFiles/CMakeTmp/testCCompiler.c
Linking C executable cmTC_b16ed
/usr/bin/cmake -E cmake_link_script CMakeFiles/cmTC_b16ed.dir/link.txt --verbose=1
/opt/loongson-gnu-toolchain-8.3-x86_64-loongarch64-linux-gnu-rc1.4/bin/loongarch64-linux-gnu-gcc      CMakeFiles/cmTC_b16ed.dir/testCCompiler.c.o  -o cmTC_b16ed 
make[1]: Leaving directory '/home/yuqing/2k300/code/Camera_5G/build/CMakeFiles/CMakeTmp'



Detecting C compiler ABI info compiled with the following output:
Change Dir: /home/yuqing/2k300/code/Camera_5G/build/CMakeFiles/CMakeTmp

Run Build Command(s):/usr/bin/make cmTC_78044/fast && /usr/bin/make -f CMakeFiles/cmTC_78044.dir/build.make CMakeFiles/cmTC_78044.dir/build
make[1]: Entering directory '/home/yuqing/2k300/code/Camera_5G/build/CMakeFiles/CMakeTmp'
Building C object CMakeFiles/cmTC_78044.dir/CMakeCCompilerABI.c.o
/opt/loongson-gnu-toolchain-8.3-x86_64-loongarch64-linux-gnu-rc1.4/bin/loongarch64-linux-gnu-gcc   -v -o CMakeFiles/cmTC_78044.dir/CMakeCCompilerABI.c.o   -c /usr/share/cmake-3.16/Modules/CMakeCCompilerABI.c
Using built-in specs.
COLLECT_GCC=/opt/loongson-gnu-toolchain-8.3-x86_64-loongarch64-linux-gnu-rc1.4/bin/loongarch64-linux-gnu-gcc
Target: loongarch64-linux-gnu
Configured with: /dev/shm/build-loongarch64-linux-gnu-x86_64-gcc8-rc1.4-20240615/src/gcc/configure CC='/dev/shm/build-loongarch64-linux-gnu-x86_64-gcc8-rc1.4-20240615/build-cross-host/root/usr/bin/x86_64-linux-gnu-gcc    -I/dev/shm/build-loongarch64-linux-gnu-x86_64-gcc8-rc1.4-20240615/build-lib-host/root/usr/include' CXX='/dev/shm/build-loongarch64-linux-gnu-x86_64-gcc8-rc1.4-20240615/build-cross-host/root/usr/bin/x86_64-linux-gnu-g++    -I/dev/shm/build-loongarch64-linux-gnu-x86_64-gcc8-rc1.4-20240615/build-lib-host/root/usr/include' LDFLAGS=' -static-libstdc++ -static-libgcc  -L/dev/shm/build-loongarch64-linux-gnu-x86_64-gcc8-rc1.4-20240615/build-lib-host/root/usr/lib/../lib' CC_FOR_TARGET=: --build=x86_64-pc-linux-gnu --host=x86_64-linux-gnu --target=loongarch64-linux-gnu --prefix=/dev/shm/build-loongarch64-linux-gnu-x86_64-gcc8-rc1.4-20240615/build-canadian/root/usr --with-sysroot=/dev/shm/build-loongarch64-linux-gnu-x86_64-gcc8-rc1.4-20240615/build-canadian/root/usr/loongarch64-linux-gnu/sysroot --with-native-system-header-dir=/usr/include --with-gxx-include-dir=/dev/shm/build-loongarch64-linux-gnu-x86_64-gcc8-rc1.4-20240615/build-canadian/root/usr/loongarch64-linux-gnu/sysroot/usr/include/c++/8.3.0 --enable-languages=c,c++,fortran --with-build-sysroot= --disable-libstdcxx --disable-libgfortran --disable-libphobos --disable-libgomp --enable-libcc1 --enable-threads=posix --enable-__cxa_atexit --enable-initfini-array --disable-nls --disable-libmpx --disable-bootstrap --with-arch=loongarch64 --with-abi=lp64d --with-multilib-list=lp64d,lp64s --enable-checking=release --with-pkgversion='LoongArch GNU toolchain rc1.4 (20240615)'
Thread model: posix
gcc version 8.3.0 (LoongArch GNU toolchain rc1.4 (20240615)) 
COLLECT_GCC_OPTIONS='-v' '-o' 'CMakeFiles/cmTC_78044.dir/CMakeCCompilerABI.c.o' '-c' '-mabi=lp64d' '-march=loongarch64' '-mfpu=64' '-msimd=none' '-mcmodel=normal' '-mtune=loongarch64'
 /opt/loongson-gnu-toolchain-8.3-x86_64-loongarch64-linux-gnu-rc1.4/bin/../libexec/gcc/loongarch64-linux-gnu/8.3.0/cc1 -quiet -v -imultilib . -iprefix /opt/loongson-gnu-toolchain-8.3-x86_64-loongarch64-linux-gnu-rc1.4/bin/../lib/gcc/loongarch64-linux-gnu/8.3.0/ -isysroot /opt/loongson-gnu-toolchain-8.3-x86_64-loongarch64-linux-gnu-rc1.4/bin/../loongarch64-linux-gnu/sysroot /usr/share/cmake-3.16/Modules/CMakeCCompilerABI.c -quiet -dumpbase CMakeCCompilerABI.c -mabi=lp64d -march=loongarch64 -mfpu=64 -msimd=none -mcmodel=normal -mtune=loongarch64 -auxbase-strip CMakeFiles/cmTC_78044.dir/CMakeCCompilerABI.c.o -version -o /tmp/ccR0xWIk.s
GNU C17 (LoongArch GNU toolchain rc1.4 (20240615)) version 8.3.0 (loongarch64-linux-gnu)
	compiled by GNU C version 8.3.0, GMP version 6.1.0, MPFR version 3.1.4, MPC version 1.0.3, isl version isl-0.18-GMP

GGC heuristics: --param ggc-min-expand=100 --param ggc-min-heapsize=131072
ignoring duplicate directory "/opt/loongson-gnu-toolchain-8.3-x86_64-loongarch64-linux-gnu-rc1.4/lib/gcc/loongarch64-linux-gnu/8.3.0/include"
ignoring nonexistent directory "/opt/loongson-gnu-toolchain-8.3-x86_64-loongarch64-linux-gnu-rc1.4/bin/../loongarch64-linux-gnu/sysroot/usr/local/include"
ignoring duplicate directory "/opt/loongson-gnu-toolchain-8.3-x86_64-loongarch64-linux-gnu-rc1.4/lib/gcc/loongarch64-linux-gnu/8.3.0/include-fixed"
ignoring duplicate directory "/opt/loongson-gnu-toolchain-8.3-x86_64-loongarch64-linux-gnu-rc1.4/loongarch64-linux-gnu/include"
#include "..." search starts here:
#include <...> search starts here:
 /opt/loongson-gnu-toolchain-8.3-x86_64-loongarch64-linux-gnu-rc1.4/lib/gcc/loongarch64-linux-gnu/8.3.0/include
 /opt/loongson-gnu-toolchain-8.3-x86_64-loongarch64-linux-gnu-rc1.4/lib/gcc/loongarch64-linux-gnu/8.3.0/include-fixed
 /opt/loongson-gnu-toolchain-8.3-x86_64-loongarch64-linux-gnu-rc1.4/loongarch64-linux-gnu/include
 /opt/loongson-gnu-toolchain-8.3-x86_64-loongarch64-linux-gnu-rc1.4/loongarch64-linux-gnu/sysroot/usr/include
End of search list.
GNU C17 (LoongArch GNU toolchain rc1.4 (20240615)) version 8.3.0 (loongarch64-linux-gnu)
	compiled by GNU C version 8.3.0, GMP version 6.1.0, MPFR version 3.1.4, MPC version 1.0.3, isl version isl-0.18-GMP

GGC heuristics: --param ggc-min-expand=100 --param ggc-min-heapsize=131072
Compiler executable checksum: 39b4b3dacd97509fee778afcdb91dafa
COLLECT_GCC_OPTIONS='-v' '-o' 'CMakeFiles/cmTC_78044.dir/CMakeCCompilerABI.c.o' '-c' '-mabi=lp64d' '-march=loongarch64' '-mfpu=64' '-msimd=none' '-mcmodel=normal' '-mtune=loongarch64'
 /opt/loongson-gnu-toolchain-8.3-x86_64-loongarch64-linux-gnu-rc1.4/bin/../lib/gcc/loongarch64-linux-gnu/8.3.0/../../../../loongarch64-linux-gnu/bin/as -v -mabi=lp64 -o CMakeFiles/cmTC_78044.dir/CMakeCCompilerABI.c.o /tmp/ccR0xWIk.s
GNU assembler version 2.31.1 (loongarch64-linux-gnu) using BFD version (LoongArch GNU toolchain rc1.4 20240615) 2.31.1.20190122
COMPILER_PATH=/opt/loongson-gnu-toolchain-8.3-x86_64-loongarch64-linux-gnu-rc1.4/bin/../libexec/gcc/loongarch64-linux-gnu/8.3.0/:/opt/loongson-gnu-toolchain-8.3-x86_64-loongarch64-linux-gnu-rc1.4/bin/../libexec/gcc/:/opt/loongson-gnu-toolchain-8.3-x86_64-loongarch64-linux-gnu-rc1.4/bin/../lib/gcc/loongarch64-linux-gnu/8.3.0/../../../../loongarch64-linux-gnu/bin/
LIBRARY_PATH=/opt/loongson-gnu-toolchain-8.3-x86_64-loongarch64-linux-gnu-rc1.4/bin/../lib/gcc/loongarch64-linux-gnu/8.3.0/:/opt/loongson-gnu-toolchain-8.3-x86_64-loongarch64-linux-gnu-rc1.4/bin/../lib/gcc/:/opt/loongson-gnu-toolchain-8.3-x86_64-loongarch64-linux-gnu-rc1.4/bin/../loongarch64-linux-gnu/sysroot/lib/../lib64/:/opt/loongson-gnu-toolchain-8.3-x86_64-loongarch64-linux-gnu-rc1.4/bin/../loongarch64-linux-gnu/sysroot/usr/lib/../lib64/:/opt/loongson-gnu-toolchain-8.3-x86_64-loongarch64-linux-gnu-rc1.4/bin/../lib/gcc/loongarch64-linux-gnu/8.3.0/../../../../loongarch64-linux-gnu/lib/:/opt/loongson-gnu-toolchain-8.3-x86_64-loongarch64-linux-gnu-rc1.4/bin/../loongarch64-linux-gnu/sysroot/lib/:/opt/loongson-gnu-toolchain-8.3-x86_64-loongarch64-linux-gnu-rc1.4/bin/../loongarch64-linux-gnu/sysroot/usr/lib/
COLLECT_GCC_OPTIONS='-v' '-o' 'CMakeFiles/cmTC_78044.dir/CMakeCCompilerABI.c.o' '-c' '-mabi=lp64d' '-march=loongarch64' '-mfpu=64' '-msimd=none' '-mcmodel=normal' '-mtune=loongarch64'
Linking C executable cmTC_78044
/usr/bin/cmake -E cmake_link_script CMakeFiles/cmTC_78044.dir/link.txt --verbose=1
/opt/loongson-gnu-toolchain-8.3-x86_64-loongarch64-linux-gnu-rc1.4/bin/loongarch64-linux-gnu-gcc     -v CMakeFiles/cmTC_78044.dir/CMakeCCompilerABI.c.o  -o cmTC_78044 
Using built-in specs.
COLLECT_GCC=/opt/loongson-gnu-toolchain-8.3-x86_64-loongarch64-linux-gnu-rc1.4/bin/loongarch64-linux-gnu-gcc
COLLECT_LTO_WRAPPER=/opt/loongson-gnu-toolchain-8.3-x86_64-loongarch64-linux-gnu-rc1.4/bin/../libexec/gcc/loongarch64-linux-gnu/8.3.0/lto-wrapper
Target: loongarch64-linux-gnu
Configured with: /dev/shm/build-loongarch64-linux-gnu-x86_64-gcc8-rc1.4-20240615/src/gcc/configure CC='/dev/shm/build-loongarch64-linux-gnu-x86_64-gcc8-rc1.4-20240615/build-cross-host/root/usr/bin/x86_64-linux-gnu-gcc    -I/dev/shm/build-loongarch64-linux-gnu-x86_64-gcc8-rc1.4-20240615/build-lib-host/root/usr/include' CXX='/dev/shm/build-loongarch64-linux-gnu-x86_64-gcc8-rc1.4-20240615/build-cross-host/root/usr/bin/x86_64-linux-gnu-g++    -I/dev/shm/build-loongarch64-linux-gnu-x86_64-gcc8-rc1.4-20240615/build-lib-host/root/usr/include' LDFLAGS=' -static-libstdc++ -static-libgcc  -L/dev/shm/build-loongarch64-linux-gnu-x86_64-gcc8-rc1.4-20240615/build-lib-host/root/usr/lib/../lib' CC_FOR_TARGET=: --build=x86_64-pc-linux-gnu --host=x86_64-linux-gnu --target=loongarch64-linux-gnu --prefix=/dev/shm/build-loongarch64-linux-gnu-x86_64-gcc8-rc1.4-20240615/build-canadian/root/usr --with-sysroot=/dev/shm/build-loongarch64-linux-gnu-x86_64-gcc8-rc1.4-20240615/build-canadian/root/usr/loongarch64-linux-gnu/sysroot --with-native-system-header-dir=/usr/include --with-gxx-include-dir=/dev/shm/build-loongarch64-linux-gnu-x86_64-gcc8-rc1.4-20240615/build-canadian/root/usr/loongarch64-linux-gnu/sysroot/usr/include/c++/8.3.0 --enable-languages=c,c++,fortran --with-build-sysroot= --disable-libstdcxx --disable-libgfortran --disable-libphobos --disable-libgomp --enable-libcc1 --enable-threads=posix --enable-__cxa_atexit --enable-initfini-array --disable-nls --disable-libmpx --disable-bootstrap --with-arch=loongarch64 --with-abi=lp64d --with-multilib-list=lp64d,lp64s --enable-checking=release --with-pkgversion='LoongArch GNU toolchain rc1.4 (20240615)'
Thread model: posix
gcc version 8.3.0 (LoongArch GNU toolchain rc1.4 (20240615)) 
COMPILER_PATH=/opt/loongson-gnu-toolchain-8.3-x86_64-loongarch64-linux-gnu-rc1.4/bin/../libexec/gcc/loongarch64-linux-gnu/8.3.0/:/opt/loongson-gnu-toolchain-8.3-x86_64-loongarch64-linux-gnu-rc1.4/bin/../libexec/gcc/:/opt/loongson-gnu-toolchain-8.3-x86_64-loongarch64-linux-gnu-rc1.4/bin/../lib/gcc/loongarch64-linux-gnu/8.3.0/../../../../loongarch64-linux-gnu/bin/
LIBRARY_PATH=/opt/loongson-gnu-toolchain-8.3-x86_64-loongarch64-linux-gnu-rc1.4/bin/../lib/gcc/loongarch64-linux-gnu/8.3.0/:/opt/loongson-gnu-toolchain-8.3-x86_64-loongarch64-linux-gnu-rc1.4/bin/../lib/gcc/:/opt/loongson-gnu-toolchain-8.3-x86_64-loongarch64-linux-gnu-rc1.4/bin/../loongarch64-linux-gnu/sysroot/lib/../lib64/:/opt/loongson-gnu-toolchain-8.3-x86_64-loongarch64-linux-gnu-rc1.4/bin/../loongarch64-linux-gnu/sysroot/usr/lib/../lib64/:/opt/loongson-gnu-toolchain-8.3-x86_64-loongarch64-linux-gnu-rc1.4/bin/../lib/gcc/loongarch64-linux-gnu/8.3.0/../../../../loongarch64-linux-gnu/lib/:/opt/loongson-gnu-toolchain-8.3-x86_64-loongarch64-linux-gnu-rc1.4/bin/../loongarch64-linux-gnu/sysroot/lib/:/opt/loongson-gnu-toolchain-8.3-x86_64-loongarch64-linux-gnu-rc1.4/bin/../loongarch64-linux-gnu/sysroot/usr/lib/
COLLECT_GCC_OPTIONS='-v' '-o' 'cmTC_78044' '-mabi=lp64d' '-march=loongarch64' '-mfpu=64' '-msimd=none' '-mcmodel=normal' '-mtune=loongarch64'
 /opt/loongson-gnu-toolchain-8.3-x86_64-loongarch64-linux-gnu-rc1.4/bin/../libexec/gcc/loongarch64-linux-gnu/8.3.0/collect2 -plugin /opt/loongson-gnu-toolchain-8.3-x86_64-loongarch64-linux-gnu-rc1.4/bin/../libexec/gcc/loongarch64-linux-gnu/8.3.0/liblto_plugin.so -plugin-opt=/opt/loongson-gnu-toolchain-8.3-x86_64-loongarch64-linux-gnu-rc1.4/bin/../libexec/gcc/loongarch64-linux-gnu/8.3.0/lto-wrapper -plugin-opt=-fresolution=/tmp/ccjXfEz5.res -plugin-opt=-pass-through=-lgcc -plugin-opt=-pass-through=-lgcc_s -plugin-opt=-pass-through=-lc -plugin-opt=-pass-through=-lgcc -plugin-opt=-pass-through=-lgcc_s --sysroot=/opt/loongson-gnu-toolchain-8.3-x86_64-loongarch64-linux-gnu-rc1.4/bin/../loongarch64-linux-gnu/sysroot --eh-frame-hdr -m elf64loongarch -dynamic-linker /lib64/ld.so.1 -o cmTC_78044 /opt/loongson-gnu-toolchain-8.3-x86_64-loongarch64-linux-gnu-rc1.4/bin/../loongarch64-linux-gnu/sysroot/lib/../lib64/crt1.o /opt/loongson-gnu-toolchain-8.3-x86_64-loongarch64-linux-gnu-rc1.4/bin/../loongarch64-linux-gnu/sysroot/lib/../lib64/crti.o /opt/loongson-gnu-toolchain-8.3-x86_64-loongarch64-linux-gnu-rc1.4/bin/../lib/gcc/loongarch64-linux-gnu/8.3.0/crtbegin.o -L/opt/loongson-gnu-toolchain-8.3-x86_64-loongarch64-linux-gnu-rc1.4/bin/../lib/gcc/loongarch64-linux-gnu/8.3.0 -L/opt/loongson-gnu-toolchain-8.3-x86_64-loongarch64-linux-gnu-rc1.4/bin/../lib/gcc -L/opt/loongson-gnu-toolchain-8.3-x86_64-loongarch64-linux-gnu-rc1.4/bin/../loongarch64-linux-gnu/sysroot/lib/../lib64 -L/opt/loongson-gnu-toolchain-8.3-x86_64-loongarch64-linux-gnu-rc1.4/bin/../loongarch64-linux-gnu/sysroot/usr/lib/../lib64 -L/opt/loongson-gnu-toolchain-8.3-x86_64-loongarch64-linux-gnu-rc1.4/bin/../lib/gcc/loongarch64-linux-gnu/8.3.0/../../../../loongarch64-linux-gnu/lib -L/opt/loongson-gnu-toolchain-8.3-x86_64-loongarch64-linux-gnu-rc1.4/bin/../loongarch64-linux-gnu/sysroot/lib -L/opt/loongson-gnu-toolchain-8.3-x86_64-loongarch64-linux-gnu-rc1.4/bin/../loongarch64-linux-gnu/sysroot/usr/lib CMakeFiles/cmTC_78044.dir/CMakeCCompilerABI.c.o -lgcc --push-state --as-needed -lgcc_s --pop-state -lc -lgcc --push-state --as-needed -lgcc_s --pop-state /opt/loongson-gnu-toolchain-8.3-x86_64-loongarch64-linux-gnu-rc1.4/bin/../lib/gcc/loongarch64-linux-gnu/8.3.0/crtend.o /opt/loongson-gnu-toolchain-8.3-x86_64-loongarch64-linux-gnu-rc1.4/bin/../loongarch64-linux-gnu/sysroot/lib/../lib64/crtn.o
COLLECT_GCC_OPTIONS='-v' '-o' 'cmTC_78044' '-mabi=lp64d' '-march=loongarch64' '-mfpu=64' '-msimd=none' '-mcmodel=normal' '-mtune=loongarch64'
make[1]: Leaving directory '/home/yuqing/2k300/code/Camera_5G/build/CMakeFiles/CMakeTmp'



Parsed C implicit include dir info from above output: rv=done
  found start of include info
  found start of implicit include info
    add: [/opt/loongson-gnu-toolchain-8.3-x86_64-loongarch64-linux-gnu-rc1.4/lib/gcc/loongarch64-linux-gnu/8.3.0/include]
    add: [/opt/loongson-gnu-toolchain-8.3-x86_64-loongarch64-linux-gnu-rc1.4/lib/gcc/loongarch64-linux-gnu/8.3.0/include-fixed]
    add: [/opt/loongson-gnu-toolchain-8.3-x86_64-loongarch64-linux-gnu-rc1.4/loongarch64-linux-gnu/include]
    add: [/opt/loongson-gnu-toolchain-8.3-x86_64-loongarch64-linux-gnu-rc1.4/loongarch64-linux-gnu/sysroot/usr/include]
  end of search list found
  collapse include dir [/opt/loongson-gnu-toolchain-8.3-x86_64-loongarch64-linux-gnu-rc1.4/lib/gcc/loongarch64-linux-gnu/8.3.0/include] ==> [/opt/loongson-gnu-toolchain-8.3-x86_64-loongarch64-linux-gnu-rc1.4/lib/gcc/loongarch64-linux-gnu/8.3.0/include]
  collapse include dir [/opt/loongson-gnu-toolchain-8.3-x86_64-loongarch64-linux-gnu-rc1.4/lib/gcc/loongarch64-linux-gnu/8.3.0/include-fixed] ==> [/opt/loongson-gnu-toolchain-8.3-x86_64-loongarch64-linux-gnu-rc1.4/lib/gcc/loongarch64-linux-gnu/8.3.0/include-fixed]
  collapse include dir [/opt/loongson-gnu-toolchain-8.3-x86_64-loongarch64-linux-gnu-rc1.4/loongarch64-linux-gnu/include] ==> [/opt/loongson-gnu-toolchain-8.3-x86_64-loongarch64-linux-gnu-rc1.4/loongarch64-linux-gnu/include]
  collapse include dir [/opt/loongson-gnu-toolchain-8.3-x86_64-loongarch64-linux-gnu-rc1.4/loongarch64-linux-gnu/sysroot/usr/include] ==> [/opt/loongson-gnu-toolchain-8.3-x86_64-loongarch64-linux-gnu-rc1.4/loongarch64-linux-gnu/sysroot/usr/include]
  implicit include dirs: [/opt/loongson-gnu-toolchain-8.3-x86_64-loongarch64-linux-gnu-rc1.4/lib/gcc/loongarch64-linux-gnu/8.3.0/include;/opt/loongson-gnu-toolchain-8.3-x86_64-loongarch64-linux-gnu-rc1.4/lib/gcc/loongarch64-linux-gnu/8.3.0/include-fixed;/opt/loongson-gnu-toolchain-8.3-x86_64-loongarch64-linux-gnu-rc1.4/loongarch64-linux-gnu/include;/opt/loongson-gnu-toolchain-8.3-x86_64-loongarch64-linux-gnu-rc1.4/loongarch64-linux-gnu/sysroot/usr/include]


Parsed C implicit link information from above output:
  link line regex: [^( *|.*[/\])(ld|CMAKE_LINK_STARTFILE-NOTFOUND|([^/\]+-)?ld|collect2)[^/\]*( |$)]
  ignore line: [Change Dir: /home/yuqing/2k300/code/Camera_5G/build/CMakeFiles/CMakeTmp]
  ignore line: []
  ignore line: [Run Build Command(s):/usr/bin/make cmTC_78044/fast && /usr/bin/make -f CMakeFiles/cmTC_78044.dir/build.make CMakeFiles/cmTC_78044.dir/build]
  ignore line: [make[1]: Entering directory '/home/yuqing/2k300/code/Camera_5G/build/CMakeFiles/CMakeTmp']
  ignore line: [Building C object CMakeFiles/cmTC_78044.dir/CMakeCCompilerABI.c.o]
  ignore line: [/opt/loongson-gnu-toolchain-8.3-x86_64-loongarch64-linux-gnu-rc1.4/bin/loongarch64-linux-gnu-gcc   -v -o CMakeFiles/cmTC_78044.dir/CMakeCCompilerABI.c.o   -c /usr/share/cmake-3.16/Modules/CMakeCCompilerABI.c]
  ignore line: [Using built-in specs.]
  ignore line: [COLLECT_GCC=/opt/loongson-gnu-toolchain-8.3-x86_64-loongarch64-linux-gnu-rc1.4/bin/loongarch64-linux-gnu-gcc]
  ignore line: [Target: loongarch64-linux-gnu]
  ignore line: [Configured with: /dev/shm/build-loongarch64-linux-gnu-x86_64-gcc8-rc1.4-20240615/src/gcc/configure CC='/dev/shm/build-loongarch64-linux-gnu-x86_64-gcc8-rc1.4-20240615/build-cross-host/root/usr/bin/x86_64-linux-gnu-gcc    -I/dev/shm/build-loongarch64-linux-gnu-x86_64-gcc8-rc1.4-20240615/build-lib-host/root/usr/include' CXX='/dev/shm/build-loongarch64-linux-gnu-x86_64-gcc8-rc1.4-20240615/build-cross-host/root/usr/bin/x86_64-linux-gnu-g++    -I/dev/shm/build-loongarch64-linux-gnu-x86_64-gcc8-rc1.4-20240615/build-lib-host/root/usr/include' LDFLAGS=' -static-libstdc++ -static-libgcc  -L/dev/shm/build-loongarch64-linux-gnu-x86_64-gcc8-rc1.4-20240615/build-lib-host/root/usr/lib/../lib' CC_FOR_TARGET=: --build=x86_64-pc-linux-gnu --host=x86_64-linux-gnu --target=loongarch64-linux-gnu --prefix=/dev/shm/build-loongarch64-linux-gnu-x86_64-gcc8-rc1.4-20240615/build-canadian/root/usr --with-sysroot=/dev/shm/build-loongarch64-linux-gnu-x86_64-gcc8-rc1.4-20240615/build-canadian/root/usr/loongarch64-linux-gnu/sysroot --with-native-system-header-dir=/usr/include --with-gxx-include-dir=/dev/shm/build-loongarch64-linux-gnu-x86_64-gcc8-rc1.4-20240615/build-canadian/root/usr/loongarch64-linux-gnu/sysroot/usr/include/c++/8.3.0 --enable-languages=c c++ fortran --with-build-sysroot= --disable-libstdcxx --disable-libgfortran --disable-libphobos --disable-libgomp --enable-libcc1 --enable-threads=posix --enable-__cxa_atexit --enable-initfini-array --disable-nls --disable-libmpx --disable-bootstrap --with-arch=loongarch64 --with-abi=lp64d --with-multilib-list=lp64d lp64s --enable-checking=release --with-pkgversion='LoongArch GNU toolchain rc1.4 (20240615)']
  ignore line: [Thread model: posix]
  ignore line: [gcc version 8.3.0 (LoongArch GNU toolchain rc1.4 (20240615)) ]
  ignore line: [COLLECT_GCC_OPTIONS='-v' '-o' 'CMakeFiles/cmTC_78044.dir/CMakeCCompilerABI.c.o' '-c' '-mabi=lp64d' '-march=loongarch64' '-mfpu=64' '-msimd=none' '-mcmodel=normal' '-mtune=loongarch64']
  ignore line: [ /opt/loongson-gnu-toolchain-8.3-x86_64-loongarch64-linux-gnu-rc1.4/bin/../libexec/gcc/loongarch64-linux-gnu/8.3.0/cc1 -quiet -v -imultilib . -iprefix /opt/loongson-gnu-toolchain-8.3-x86_64-loongarch64-linux-gnu-rc1.4/bin/../lib/gcc/loongarch64-linux-gnu/8.3.0/ -isysroot /opt/loongson-gnu-toolchain-8.3-x86_64-loongarch64-linux-gnu-rc1.4/bin/../loongarch64-linux-gnu/sysroot /usr/share/cmake-3.16/Modules/CMakeCCompilerABI.c -quiet -dumpbase CMakeCCompilerABI.c -mabi=lp64d -march=loongarch64 -mfpu=64 -msimd=none -mcmodel=normal -mtune=loongarch64 -auxbase-strip CMakeFiles/cmTC_78044.dir/CMakeCCompilerABI.c.o -version -o /tmp/ccR0xWIk.s]
  ignore line: [GNU C17 (LoongArch GNU toolchain rc1.4 (20240615)) version 8.3.0 (loongarch64-linux-gnu)]
  ignore line: [	compiled by GNU C version 8.3.0  GMP version 6.1.0  MPFR version 3.1.4  MPC version 1.0.3  isl version isl-0.18-GMP]
  ignore line: []
  ignore line: [GGC heuristics: --param ggc-min-expand=100 --param ggc-min-heapsize=131072]
  ignore line: [ignoring duplicate directory "/opt/loongson-gnu-toolchain-8.3-x86_64-loongarch64-linux-gnu-rc1.4/lib/gcc/loongarch64-linux-gnu/8.3.0/include"]
  ignore line: [ignoring nonexistent directory "/opt/loongson-gnu-toolchain-8.3-x86_64-loongarch64-linux-gnu-rc1.4/bin/../loongarch64-linux-gnu/sysroot/usr/local/include"]
  ignore line: [ignoring duplicate directory "/opt/loongson-gnu-toolchain-8.3-x86_64-loongarch64-linux-gnu-rc1.4/lib/gcc/loongarch64-linux-gnu/8.3.0/include-fixed"]
  ignore line: [ignoring duplicate directory "/opt/loongson-gnu-toolchain-8.3-x86_64-loongarch64-linux-gnu-rc1.4/loongarch64-linux-gnu/include"]
  ignore line: [#include "..." search starts here:]
  ignore line: [#include <...> search starts here:]
  ignore line: [ /opt/loongson-gnu-toolchain-8.3-x86_64-loongarch64-linux-gnu-rc1.4/lib/gcc/loongarch64-linux-gnu/8.3.0/include]
  ignore line: [ /opt/loongson-gnu-toolchain-8.3-x86_64-loongarch64-linux-gnu-rc1.4/lib/gcc/loongarch64-linux-gnu/8.3.0/include-fixed]
  ignore line: [ /opt/loongson-gnu-toolchain-8.3-x86_64-loongarch64-linux-gnu-rc1.4/loongarch64-linux-gnu/include]
  ignore line: [ /opt/loongson-gnu-toolchain-8.3-x86_64-loongarch64-linux-gnu-rc1.4/loongarch64-linux-gnu/sysroot/usr/include]
  ignore line: [End of search list.]
  ignore line: [GNU C17 (LoongArch GNU toolchain rc1.4 (20240615)) version 8.3.0 (loongarch64-linux-gnu)]
  ignore line: [	compiled by GNU C version 8.3.0  GMP version 6.1.0  MPFR version 3.1.4  MPC version 1.0.3  isl version isl-0.18-GMP]
  ignore line: []
  ignore line: [GGC heuristics: --param ggc-min-expand=100 --param ggc-min-heapsize=131072]
  ignore line: [Compiler executable checksum: 39b4b3dacd97509fee778afcdb91dafa]
  ignore line: [COLLECT_GCC_OPTIONS='-v' '-o' 'CMakeFiles/cmTC_78044.dir/CMakeCCompilerABI.c.o' '-c' '-mabi=lp64d' '-march=loongarch64' '-mfpu=64' '-msimd=none' '-mcmodel=normal' '-mtune=loongarch64']
  ignore line: [ /opt/loongson-gnu-toolchain-8.3-x86_64-loongarch64-linux-gnu-rc1.4/bin/../lib/gcc/loongarch64-linux-gnu/8.3.0/../../../../loongarch64-linux-gnu/bin/as -v -mabi=lp64 -o CMakeFiles/cmTC_78044.dir/CMakeCCompilerABI.c.o /tmp/ccR0xWIk.s]
  ignore line: [GNU assembler version 2.31.1 (loongarch64-linux-gnu) using BFD version (LoongArch GNU toolchain rc1.4 20240615) 2.31.1.20190122]
  ignore line: [COMPILER_PATH=/opt/loongson-gnu-toolchain-8.3-x86_64-loongarch64-linux-gnu-rc1.4/bin/../libexec/gcc/loongarch64-linux-gnu/8.3.0/:/opt/loongson-gnu-toolchain-8.3-x86_64-loongarch64-linux-gnu-rc1.4/bin/../libexec/gcc/:/opt/loongson-gnu-toolchain-8.3-x86_64-loongarch64-linux-gnu-rc1.4/bin/../lib/gcc/loongarch64-linux-gnu/8.3.0/../../../../loongarch64-linux-gnu/bin/]
  ignore line: [LIBRARY_PATH=/opt/loongson-gnu-toolchain-8.3-x86_64-loongarch64-linux-gnu-rc1.4/bin/../lib/gcc/loongarch64-linux-gnu/8.3.0/:/opt/loongson-gnu-toolchain-8.3-x86_64-loongarch64-linux-gnu-rc1.4/bin/../lib/gcc/:/opt/loongson-gnu-toolchain-8.3-x86_64-loongarch64-linux-gnu-rc1.4/bin/../loongarch64-linux-gnu/sysroot/lib/../lib64/:/opt/loongson-gnu-toolchain-8.3-x86_64-loongarch64-linux-gnu-rc1.4/bin/../loongarch64-linux-gnu/sysroot/usr/lib/../lib64/:/opt/loongson-gnu-toolchain-8.3-x86_64-loongarch64-linux-gnu-rc1.4/bin/../lib/gcc/loongarch64-linux-gnu/8.3.0/../../../../loongarch64-linux-gnu/lib/:/opt/loongson-gnu-toolchain-8.3-x86_64-loongarch64-linux-gnu-rc1.4/bin/../loongarch64-linux-gnu/sysroot/lib/:/opt/loongson-gnu-toolchain-8.3-x86_64-loongarch64-linux-gnu-rc1.4/bin/../loongarch64-linux-gnu/sysroot/usr/lib/]
  ignore line: [COLLECT_GCC_OPTIONS='-v' '-o' 'CMakeFiles/cmTC_78044.dir/CMakeCCompilerABI.c.o' '-c' '-mabi=lp64d' '-march=loongarch64' '-mfpu=64' '-msimd=none' '-mcmodel=normal' '-mtune=loongarch64']
  ignore line: [Linking C executable cmTC_78044]
  ignore line: [/usr/bin/cmake -E cmake_link_script CMakeFiles/cmTC_78044.dir/link.txt --verbose=1]
  ignore line: [/opt/loongson-gnu-toolchain-8.3-x86_64-loongarch64-linux-gnu-rc1.4/bin/loongarch64-linux-gnu-gcc     -v CMakeFiles/cmTC_78044.dir/CMakeCCompilerABI.c.o  -o cmTC_78044 ]
  ignore line: [Using built-in specs.]
  ignore line: [COLLECT_GCC=/opt/loongson-gnu-toolchain-8.3-x86_64-loongarch64-linux-gnu-rc1.4/bin/loongarch64-linux-gnu-gcc]
  ignore line: [COLLECT_LTO_WRAPPER=/opt/loongson-gnu-toolchain-8.3-x86_64-loongarch64-linux-gnu-rc1.4/bin/../libexec/gcc/loongarch64-linux-gnu/8.3.0/lto-wrapper]
  ignore line: [Target: loongarch64-linux-gnu]
  ignore line: [Configured with: /dev/shm/build-loongarch64-linux-gnu-x86_64-gcc8-rc1.4-20240615/src/gcc/configure CC='/dev/shm/build-loongarch64-linux-gnu-x86_64-gcc8-rc1.4-20240615/build-cross-host/root/usr/bin/x86_64-linux-gnu-gcc    -I/dev/shm/build-loongarch64-linux-gnu-x86_64-gcc8-rc1.4-20240615/build-lib-host/root/usr/include' CXX='/dev/shm/build-loongarch64-linux-gnu-x86_64-gcc8-rc1.4-20240615/build-cross-host/root/usr/bin/x86_64-linux-gnu-g++    -I/dev/shm/build-loongarch64-linux-gnu-x86_64-gcc8-rc1.4-20240615/build-lib-host/root/usr/include' LDFLAGS=' -static-libstdc++ -static-libgcc  -L/dev/shm/build-loongarch64-linux-gnu-x86_64-gcc8-rc1.4-20240615/build-lib-host/root/usr/lib/../lib' CC_FOR_TARGET=: --build=x86_64-pc-linux-gnu --host=x86_64-linux-gnu --target=loongarch64-linux-gnu --prefix=/dev/shm/build-loongarch64-linux-gnu-x86_64-gcc8-rc1.4-20240615/build-canadian/root/usr --with-sysroot=/dev/shm/build-loongarch64-linux-gnu-x86_64-gcc8-rc1.4-20240615/build-canadian/root/usr/loongarch64-linux-gnu/sysroot --with-native-system-header-dir=/usr/include --with-gxx-include-dir=/dev/shm/build-loongarch64-linux-gnu-x86_64-gcc8-rc1.4-20240615/build-canadian/root/usr/loongarch64-linux-gnu/sysroot/usr/include/c++/8.3.0 --enable-languages=c c++ fortran --with-build-sysroot= --disable-libstdcxx --disable-libgfortran --disable-libphobos --disable-libgomp --enable-libcc1 --enable-threads=posix --enable-__cxa_atexit --enable-initfini-array --disable-nls --disable-libmpx --disable-bootstrap --with-arch=loongarch64 --with-abi=lp64d --with-multilib-list=lp64d lp64s --enable-checking=release --with-pkgversion='LoongArch GNU toolchain rc1.4 (20240615)']
  ignore line: [Thread model: posix]
  ignore line: [gcc version 8.3.0 (LoongArch GNU toolchain rc1.4 (20240615)) ]
  ignore line: [COMPILER_PATH=/opt/loongson-gnu-toolchain-8.3-x86_64-loongarch64-linux-gnu-rc1.4/bin/../libexec/gcc/loongarch64-linux-gnu/8.3.0/:/opt/loongson-gnu-toolchain-8.3-x86_64-loongarch64-linux-gnu-rc1.4/bin/../libexec/gcc/:/opt/loongson-gnu-toolchain-8.3-x86_64-loongarch64-linux-gnu-rc1.4/bin/../lib/gcc/loongarch64-linux-gnu/8.3.0/../../../../loongarch64-linux-gnu/bin/]
  ignore line: [LIBRARY_PATH=/opt/loongson-gnu-toolchain-8.3-x86_64-loongarch64-linux-gnu-rc1.4/bin/../lib/gcc/loongarch64-linux-gnu/8.3.0/:/opt/loongson-gnu-toolchain-8.3-x86_64-loongarch64-linux-gnu-rc1.4/bin/../lib/gcc/:/opt/loongson-gnu-toolchain-8.3-x86_64-loongarch64-linux-gnu-rc1.4/bin/../loongarch64-linux-gnu/sysroot/lib/../lib64/:/opt/loongson-gnu-toolchain-8.3-x86_64-loongarch64-linux-gnu-rc1.4/bin/../loongarch64-linux-gnu/sysroot/usr/lib/../lib64/:/opt/loongson-gnu-toolchain-8.3-x86_64-loongarch64-linux-gnu-rc1.4/bin/../lib/gcc/loongarch64-linux-gnu/8.3.0/../../../../loongarch64-linux-gnu/lib/:/opt/loongson-gnu-toolchain-8.3-x86_64-loongarch64-linux-gnu-rc1.4/bin/../loongarch64-linux-gnu/sysroot/lib/:/opt/loongson-gnu-toolchain-8.3-x86_64-loongarch64-linux-gnu-rc1.4/bin/../loongarch64-linux-gnu/sysroot/usr/lib/]
  ignore line: [COLLECT_GCC_OPTIONS='-v' '-o' 'cmTC_78044' '-mabi=lp64d' '-march=loongarch64' '-mfpu=64' '-msimd=none' '-mcmodel=normal' '-mtune=loongarch64']
  link line: [ /opt/loongson-gnu-toolchain-8.3-x86_64-loongarch64-linux-gnu-rc1.4/bin/../libexec/gcc/loongarch64-linux-gnu/8.3.0/collect2 -plugin /opt/loongson-gnu-toolchain-8.3-x86_64-loongarch64-linux-gnu-rc1.4/bin/../libexec/gcc/loongarch64-linux-gnu/8.3.0/liblto_plugin.so -plugin-opt=/opt/loongson-gnu-toolchain-8.3-x86_64-loongarch64-linux-gnu-rc1.4/bin/../libexec/gcc/loongarch64-linux-gnu/8.3.0/lto-wrapper -plugin-opt=-fresolution=/tmp/ccjXfEz5.res -plugin-opt=-pass-through=-lgcc -plugin-opt=-pass-through=-lgcc_s -plugin-opt=-pass-through=-lc -plugin-opt=-pass-through=-lgcc -plugin-opt=-pass-through=-lgcc_s --sysroot=/opt/loongson-gnu-toolchain-8.3-x86_64-loongarch64-linux-gnu-rc1.4/bin/../loongarch64-linux-gnu/sysroot --eh-frame-hdr -m elf64loongarch -dynamic-linker /lib64/ld.so.1 -o cmTC_78044 /opt/loongson-gnu-toolchain-8.3-x86_64-loongarch64-linux-gnu-rc1.4/bin/../loongarch64-linux-gnu/sysroot/lib/../lib64/crt1.o /opt/loongson-gnu-toolchain-8.3-x86_64-loongarch64-linux-gnu-rc1.4/bin/../loongarch64-linux-gnu/sysroot/lib/../lib64/crti.o /opt/loongson-gnu-toolchain-8.3-x86_64-loongarch64-linux-gnu-rc1.4/bin/../lib/gcc/loongarch64-linux-gnu/8.3.0/crtbegin.o -L/opt/loongson-gnu-toolchain-8.3-x86_64-loongarch64-linux-gnu-rc1.4/bin/../lib/gcc/loongarch64-linux-gnu/8.3.0 -L/opt/loongson-gnu-toolchain-8.3-x86_64-loongarch64-linux-gnu-rc1.4/bin/../lib/gcc -L/opt/loongson-gnu-toolchain-8.3-x86_64-loongarch64-linux-gnu-rc1.4/bin/../loongarch64-linux-gnu/sysroot/lib/../lib64 -L/opt/loongson-gnu-toolchain-8.3-x86_64-loongarch64-linux-gnu-rc1.4/bin/../loongarch64-linux-gnu/sysroot/usr/lib/../lib64 -L/opt/loongson-gnu-toolchain-8.3-x86_64-loongarch64-linux-gnu-rc1.4/bin/../lib/gcc/loongarch64-linux-gnu/8.3.0/../../../../loongarch64-linux-gnu/lib -L/opt/loongson-gnu-toolchain-8.3-x86_64-loongarch64-linux-gnu-rc1.4/bin/../loongarch64-linux-gnu/sysroot/lib -L/opt/loongson-gnu-toolchain-8.3-x86_64-loongarch64-linux-gnu-rc1.4/bin/../loongarch64-linux-gnu/sysroot/usr/lib CMakeFiles/cmTC_78044.dir/CMakeCCompilerABI.c.o -lgcc --push-state --as-needed -lgcc_s --pop-state -lc -lgcc --push-state --as-needed -lgcc_s --pop-state /opt/loongson-gnu-toolchain-8.3-x86_64-loongarch64-linux-gnu-rc1.4/bin/../lib/gcc/loongarch64-linux-gnu/8.3.0/crtend.o /opt/loongson-gnu-toolchain-8.3-x86_64-loongarch64-linux-gnu-rc1.4/bin/../loongarch64-linux-gnu/sysroot/lib/../lib64/crtn.o]
    arg [/opt/loongson-gnu-toolchain-8.3-x86_64-loongarch64-linux-gnu-rc1.4/bin/../libexec/gcc/loongarch64-linux-gnu/8.3.0/collect2] ==> ignore
    arg [-plugin] ==> ignore
    arg [/opt/loongson-gnu-toolchain-8.3-x86_64-loongarch64-linux-gnu-rc1.4/bin/../libexec/gcc/loongarch64-linux-gnu/8.3.0/liblto_plugin.so] ==> ignore
    arg [-plugin-opt=/opt/loongson-gnu-toolchain-8.3-x86_64-loongarch64-linux-gnu-rc1.4/bin/../libexec/gcc/loongarch64-linux-gnu/8.3.0/lto-wrapper] ==> ignore
    arg [-plugin-opt=-fresolution=/tmp/ccjXfEz5.res] ==> ignore
    arg [-plugin-opt=-pass-through=-lgcc] ==> ignore
    arg [-plugin-opt=-pass-through=-lgcc_s] ==> ignore
    arg [-plugin-opt=-pass-through=-lc] ==> ignore
    arg [-plugin-opt=-pass-through=-lgcc] ==> ignore
    arg [-plugin-opt=-pass-through=-lgcc_s] ==> ignore
    arg [--sysroot=/opt/loongson-gnu-toolchain-8.3-x86_64-loongarch64-linux-gnu-rc1.4/bin/../loongarch64-linux-gnu/sysroot] ==> ignore
    arg [--eh-frame-hdr] ==> ignore
    arg [-m] ==> ignore
    arg [elf64loongarch] ==> ignore
    arg [-dynamic-linker] ==> ignore
    arg [/lib64/ld.so.1] ==> ignore
    arg [-o] ==> ignore
    arg [cmTC_78044] ==> ignore
    arg [/opt/loongson-gnu-toolchain-8.3-x86_64-loongarch64-linux-gnu-rc1.4/bin/../loongarch64-linux-gnu/sysroot/lib/../lib64/crt1.o] ==> ignore
    arg [/opt/loongson-gnu-toolchain-8.3-x86_64-loongarch64-linux-gnu-rc1.4/bin/../loongarch64-linux-gnu/sysroot/lib/../lib64/crti.o] ==> ignore
    arg [/opt/loongson-gnu-toolchain-8.3-x86_64-loongarch64-linux-gnu-rc1.4/bin/../lib/gcc/loongarch64-linux-gnu/8.3.0/crtbegin.o] ==> ignore
    arg [-L/opt/loongson-gnu-toolchain-8.3-x86_64-loongarch64-linux-gnu-rc1.4/bin/../lib/gcc/loongarch64-linux-gnu/8.3.0] ==> dir [/opt/loongson-gnu-toolchain-8.3-x86_64-loongarch64-linux-gnu-rc1.4/bin/../lib/gcc/loongarch64-linux-gnu/8.3.0]
    arg [-L/opt/loongson-gnu-toolchain-8.3-x86_64-loongarch64-linux-gnu-rc1.4/bin/../lib/gcc] ==> dir [/opt/loongson-gnu-toolchain-8.3-x86_64-loongarch64-linux-gnu-rc1.4/bin/../lib/gcc]
    arg [-L/opt/loongson-gnu-toolchain-8.3-x86_64-loongarch64-linux-gnu-rc1.4/bin/../loongarch64-linux-gnu/sysroot/lib/../lib64] ==> dir [/opt/loongson-gnu-toolchain-8.3-x86_64-loongarch64-linux-gnu-rc1.4/bin/../loongarch64-linux-gnu/sysroot/lib/../lib64]
    arg [-L/opt/loongson-gnu-toolchain-8.3-x86_64-loongarch64-linux-gnu-rc1.4/bin/../loongarch64-linux-gnu/sysroot/usr/lib/../lib64] ==> dir [/opt/loongson-gnu-toolchain-8.3-x86_64-loongarch64-linux-gnu-rc1.4/bin/../loongarch64-linux-gnu/sysroot/usr/lib/../lib64]
    arg [-L/opt/loongson-gnu-toolchain-8.3-x86_64-loongarch64-linux-gnu-rc1.4/bin/../lib/gcc/loongarch64-linux-gnu/8.3.0/../../../../loongarch64-linux-gnu/lib] ==> dir [/opt/loongson-gnu-toolchain-8.3-x86_64-loongarch64-linux-gnu-rc1.4/bin/../lib/gcc/loongarch64-linux-gnu/8.3.0/../../../../loongarch64-linux-gnu/lib]
    arg [-L/opt/loongson-gnu-toolchain-8.3-x86_64-loongarch64-linux-gnu-rc1.4/bin/../loongarch64-linux-gnu/sysroot/lib] ==> dir [/opt/loongson-gnu-toolchain-8.3-x86_64-loongarch64-linux-gnu-rc1.4/bin/../loongarch64-linux-gnu/sysroot/lib]
    arg [-L/opt/loongson-gnu-toolchain-8.3-x86_64-loongarch64-linux-gnu-rc1.4/bin/../loongarch64-linux-gnu/sysroot/usr/lib] ==> dir [/opt/loongson-gnu-toolchain-8.3-x86_64-loongarch64-linux-gnu-rc1.4/bin/../loongarch64-linux-gnu/sysroot/usr/lib]
    arg [CMakeFiles/cmTC_78044.dir/CMakeCCompilerABI.c.o] ==> ignore
    arg [-lgcc] ==> lib [gcc]
    arg [--push-state] ==> ignore
    arg [--as-needed] ==> ignore
    arg [-lgcc_s] ==> lib [gcc_s]
    arg [--pop-state] ==> ignore
    arg [-lc] ==> lib [c]
    arg [-lgcc] ==> lib [gcc]
    arg [--push-state] ==> ignore
    arg [--as-needed] ==> ignore
    arg [-lgcc_s] ==> lib [gcc_s]
    arg [--pop-state] ==> ignore
    arg [/opt/loongson-gnu-toolchain-8.3-x86_64-loongarch64-linux-gnu-rc1.4/bin/../lib/gcc/loongarch64-linux-gnu/8.3.0/crtend.o] ==> ignore
    arg [/opt/loongson-gnu-toolchain-8.3-x86_64-loongarch64-linux-gnu-rc1.4/bin/../loongarch64-linux-gnu/sysroot/lib/../lib64/crtn.o] ==> ignore
  collapse library dir [/opt/loongson-gnu-toolchain-8.3-x86_64-loongarch64-linux-gnu-rc1.4/bin/../lib/gcc/loongarch64-linux-gnu/8.3.0] ==> [/opt/loongson-gnu-toolchain-8.3-x86_64-loongarch64-linux-gnu-rc1.4/lib/gcc/loongarch64-linux-gnu/8.3.0]
  collapse library dir [/opt/loongson-gnu-toolchain-8.3-x86_64-loongarch64-linux-gnu-rc1.4/bin/../lib/gcc] ==> [/opt/loongson-gnu-toolchain-8.3-x86_64-loongarch64-linux-gnu-rc1.4/lib/gcc]
  collapse library dir [/opt/loongson-gnu-toolchain-8.3-x86_64-loongarch64-linux-gnu-rc1.4/bin/../loongarch64-linux-gnu/sysroot/lib/../lib64] ==> [/opt/loongson-gnu-toolchain-8.3-x86_64-loongarch64-linux-gnu-rc1.4/loongarch64-linux-gnu/sysroot/lib64]
  collapse library dir [/opt/loongson-gnu-toolchain-8.3-x86_64-loongarch64-linux-gnu-rc1.4/bin/../loongarch64-linux-gnu/sysroot/usr/lib/../lib64] ==> [/opt/loongson-gnu-toolchain-8.3-x86_64-loongarch64-linux-gnu-rc1.4/loongarch64-linux-gnu/sysroot/usr/lib64]
  collapse library dir [/opt/loongson-gnu-toolchain-8.3-x86_64-loongarch64-linux-gnu-rc1.4/bin/../lib/gcc/loongarch64-linux-gnu/8.3.0/../../../../loongarch64-linux-gnu/lib] ==> [/opt/loongson-gnu-toolchain-8.3-x86_64-loongarch64-linux-gnu-rc1.4/loongarch64-linux-gnu/lib]
  collapse library dir [/opt/loongson-gnu-toolchain-8.3-x86_64-loongarch64-linux-gnu-rc1.4/bin/../loongarch64-linux-gnu/sysroot/lib] ==> [/opt/loongson-gnu-toolchain-8.3-x86_64-loongarch64-linux-gnu-rc1.4/loongarch64-linux-gnu/sysroot/lib]
  collapse library dir [/opt/loongson-gnu-toolchain-8.3-x86_64-loongarch64-linux-gnu-rc1.4/bin/../loongarch64-linux-gnu/sysroot/usr/lib] ==> [/opt/loongson-gnu-toolchain-8.3-x86_64-loongarch64-linux-gnu-rc1.4/loongarch64-linux-gnu/sysroot/usr/lib]
  implicit libs: [gcc;gcc_s;c;gcc;gcc_s]
  implicit dirs: [/opt/loongson-gnu-toolchain-8.3-x86_64-loongarch64-linux-gnu-rc1.4/lib/gcc/loongarch64-linux-gnu/8.3.0;/opt/loongson-gnu-toolchain-8.3-x86_64-loongarch64-linux-gnu-rc1.4/lib/gcc;/opt/loongson-gnu-toolchain-8.3-x86_64-loongarch64-linux-gnu-rc1.4/loongarch64-linux-gnu/sysroot/lib64;/opt/loongson-gnu-toolchain-8.3-x86_64-loongarch64-linux-gnu-rc1.4/loongarch64-linux-gnu/sysroot/usr/lib64;/opt/loongson-gnu-toolchain-8.3-x86_64-loongarch64-linux-gnu-rc1.4/loongarch64-linux-gnu/lib;/opt/loongson-gnu-toolchain-8.3-x86_64-loongarch64-linux-gnu-rc1.4/loongarch64-linux-gnu/sysroot/lib;/opt/loongson-gnu-toolchain-8.3-x86_64-loongarch64-linux-gnu-rc1.4/loongarch64-linux-gnu/sysroot/usr/lib]
  implicit fwks: []


Determining if the CXX compiler works passed with the following output:
Change Dir: /home/yuqing/2k300/code/Camera_5G/build/CMakeFiles/CMakeTmp

Run Build Command(s):/usr/bin/make cmTC_8c550/fast && /usr/bin/make -f CMakeFiles/cmTC_8c550.dir/build.make CMakeFiles/cmTC_8c550.dir/build
make[1]: Entering directory '/home/yuqing/2k300/code/Camera_5G/build/CMakeFiles/CMakeTmp'
Building CXX object CMakeFiles/cmTC_8c550.dir/testCXXCompiler.cxx.o
/opt/loongson-gnu-toolchain-8.3-x86_64-loongarch64-linux-gnu-rc1.4/bin/loongarch64-linux-gnu-g++     -o CMakeFiles/cmTC_8c550.dir/testCXXCompiler.cxx.o -c /home/yuqing/2k300/code/Camera_5G/build/CMakeFiles/CMakeTmp/testCXXCompiler.cxx
Linking CXX executable cmTC_8c550
/usr/bin/cmake -E cmake_link_script CMakeFiles/cmTC_8c550.dir/link.txt --verbose=1
/opt/loongson-gnu-toolchain-8.3-x86_64-loongarch64-linux-gnu-rc1.4/bin/loongarch64-linux-gnu-g++       CMakeFiles/cmTC_8c550.dir/testCXXCompiler.cxx.o  -o cmTC_8c550 
make[1]: Leaving directory '/home/yuqing/2k300/code/Camera_5G/build/CMakeFiles/CMakeTmp'



Detecting CXX compiler ABI info compiled with the following output:
Change Dir: /home/yuqing/2k300/code/Camera_5G/build/CMakeFiles/CMakeTmp

Run Build Command(s):/usr/bin/make cmTC_48592/fast && /usr/bin/make -f CMakeFiles/cmTC_48592.dir/build.make CMakeFiles/cmTC_48592.dir/build
make[1]: Entering directory '/home/yuqing/2k300/code/Camera_5G/build/CMakeFiles/CMakeTmp'
Building CXX object CMakeFiles/cmTC_48592.dir/CMakeCXXCompilerABI.cpp.o
/opt/loongson-gnu-toolchain-8.3-x86_64-loongarch64-linux-gnu-rc1.4/bin/loongarch64-linux-gnu-g++    -v -o CMakeFiles/cmTC_48592.dir/CMakeCXXCompilerABI.cpp.o -c /usr/share/cmake-3.16/Modules/CMakeCXXCompilerABI.cpp
Using built-in specs.
COLLECT_GCC=/opt/loongson-gnu-toolchain-8.3-x86_64-loongarch64-linux-gnu-rc1.4/bin/loongarch64-linux-gnu-g++
Target: loongarch64-linux-gnu
Configured with: /dev/shm/build-loongarch64-linux-gnu-x86_64-gcc8-rc1.4-20240615/src/gcc/configure CC='/dev/shm/build-loongarch64-linux-gnu-x86_64-gcc8-rc1.4-20240615/build-cross-host/root/usr/bin/x86_64-linux-gnu-gcc    -I/dev/shm/build-loongarch64-linux-gnu-x86_64-gcc8-rc1.4-20240615/build-lib-host/root/usr/include' CXX='/dev/shm/build-loongarch64-linux-gnu-x86_64-gcc8-rc1.4-20240615/build-cross-host/root/usr/bin/x86_64-linux-gnu-g++    -I/dev/shm/build-loongarch64-linux-gnu-x86_64-gcc8-rc1.4-20240615/build-lib-host/root/usr/include' LDFLAGS=' -static-libstdc++ -static-libgcc  -L/dev/shm/build-loongarch64-linux-gnu-x86_64-gcc8-rc1.4-20240615/build-lib-host/root/usr/lib/../lib' CC_FOR_TARGET=: --build=x86_64-pc-linux-gnu --host=x86_64-linux-gnu --target=loongarch64-linux-gnu --prefix=/dev/shm/build-loongarch64-linux-gnu-x86_64-gcc8-rc1.4-20240615/build-canadian/root/usr --with-sysroot=/dev/shm/build-loongarch64-linux-gnu-x86_64-gcc8-rc1.4-20240615/build-canadian/root/usr/loongarch64-linux-gnu/sysroot --with-native-system-header-dir=/usr/include --with-gxx-include-dir=/dev/shm/build-loongarch64-linux-gnu-x86_64-gcc8-rc1.4-20240615/build-canadian/root/usr/loongarch64-linux-gnu/sysroot/usr/include/c++/8.3.0 --enable-languages=c,c++,fortran --with-build-sysroot= --disable-libstdcxx --disable-libgfortran --disable-libphobos --disable-libgomp --enable-libcc1 --enable-threads=posix --enable-__cxa_atexit --enable-initfini-array --disable-nls --disable-libmpx --disable-bootstrap --with-arch=loongarch64 --with-abi=lp64d --with-multilib-list=lp64d,lp64s --enable-checking=release --with-pkgversion='LoongArch GNU toolchain rc1.4 (20240615)'
Thread model: posix
gcc version 8.3.0 (LoongArch GNU toolchain rc1.4 (20240615)) 
COLLECT_GCC_OPTIONS='-v' '-o' 'CMakeFiles/cmTC_48592.dir/CMakeCXXCompilerABI.cpp.o' '-c' '-shared-libgcc' '-mabi=lp64d' '-march=loongarch64' '-mfpu=64' '-msimd=none' '-mcmodel=normal' '-mtune=loongarch64'
 /opt/loongson-gnu-toolchain-8.3-x86_64-loongarch64-linux-gnu-rc1.4/bin/../libexec/gcc/loongarch64-linux-gnu/8.3.0/cc1plus -quiet -v -imultilib . -iprefix /opt/loongson-gnu-toolchain-8.3-x86_64-loongarch64-linux-gnu-rc1.4/bin/../lib/gcc/loongarch64-linux-gnu/8.3.0/ -isysroot /opt/loongson-gnu-toolchain-8.3-x86_64-loongarch64-linux-gnu-rc1.4/bin/../loongarch64-linux-gnu/sysroot -D_GNU_SOURCE /usr/share/cmake-3.16/Modules/CMakeCXXCompilerABI.cpp -quiet -dumpbase CMakeCXXCompilerABI.cpp -mabi=lp64d -march=loongarch64 -mfpu=64 -msimd=none -mcmodel=normal -mtune=loongarch64 -auxbase-strip CMakeFiles/cmTC_48592.dir/CMakeCXXCompilerABI.cpp.o -version -o /tmp/ccSrs8d5.s
GNU C++14 (LoongArch GNU toolchain rc1.4 (20240615)) version 8.3.0 (loongarch64-linux-gnu)
	compiled by GNU C version 8.3.0, GMP version 6.1.0, MPFR version 3.1.4, MPC version 1.0.3, isl version isl-0.18-GMP

GGC heuristics: --param ggc-min-expand=100 --param ggc-min-heapsize=131072
ignoring duplicate directory "/opt/loongson-gnu-toolchain-8.3-x86_64-loongarch64-linux-gnu-rc1.4/lib/gcc/loongarch64-linux-gnu/8.3.0/include"
ignoring nonexistent directory "/opt/loongson-gnu-toolchain-8.3-x86_64-loongarch64-linux-gnu-rc1.4/bin/../loongarch64-linux-gnu/sysroot/usr/local/include"
ignoring duplicate directory "/opt/loongson-gnu-toolchain-8.3-x86_64-loongarch64-linux-gnu-rc1.4/lib/gcc/loongarch64-linux-gnu/8.3.0/include-fixed"
ignoring duplicate directory "/opt/loongson-gnu-toolchain-8.3-x86_64-loongarch64-linux-gnu-rc1.4/loongarch64-linux-gnu/include"
#include "..." search starts here:
#include <...> search starts here:
 /opt/loongson-gnu-toolchain-8.3-x86_64-loongarch64-linux-gnu-rc1.4/lib/gcc/loongarch64-linux-gnu/8.3.0/include
 /opt/loongson-gnu-toolchain-8.3-x86_64-loongarch64-linux-gnu-rc1.4/lib/gcc/loongarch64-linux-gnu/8.3.0/include-fixed
 /opt/loongson-gnu-toolchain-8.3-x86_64-loongarch64-linux-gnu-rc1.4/loongarch64-linux-gnu/include
 /opt/loongson-gnu-toolchain-8.3-x86_64-loongarch64-linux-gnu-rc1.4/loongarch64-linux-gnu/sysroot/usr/include/c++/8.3.0
 /opt/loongson-gnu-toolchain-8.3-x86_64-loongarch64-linux-gnu-rc1.4/loongarch64-linux-gnu/sysroot/usr/include/c++/8.3.0/loongarch64-linux-gnu
 /opt/loongson-gnu-toolchain-8.3-x86_64-loongarch64-linux-gnu-rc1.4/loongarch64-linux-gnu/sysroot/usr/include/c++/8.3.0/backward
 /opt/loongson-gnu-toolchain-8.3-x86_64-loongarch64-linux-gnu-rc1.4/loongarch64-linux-gnu/sysroot/usr/include
End of search list.
GNU C++14 (LoongArch GNU toolchain rc1.4 (20240615)) version 8.3.0 (loongarch64-linux-gnu)
	compiled by GNU C version 8.3.0, GMP version 6.1.0, MPFR version 3.1.4, MPC version 1.0.3, isl version isl-0.18-GMP

GGC heuristics: --param ggc-min-expand=100 --param ggc-min-heapsize=131072
Compiler executable checksum: 4dd5eea07ce62f0ef6bec1677846d0f4
COLLECT_GCC_OPTIONS='-v' '-o' 'CMakeFiles/cmTC_48592.dir/CMakeCXXCompilerABI.cpp.o' '-c' '-shared-libgcc' '-mabi=lp64d' '-march=loongarch64' '-mfpu=64' '-msimd=none' '-mcmodel=normal' '-mtune=loongarch64'
 /opt/loongson-gnu-toolchain-8.3-x86_64-loongarch64-linux-gnu-rc1.4/bin/../lib/gcc/loongarch64-linux-gnu/8.3.0/../../../../loongarch64-linux-gnu/bin/as -v -mabi=lp64 -o CMakeFiles/cmTC_48592.dir/CMakeCXXCompilerABI.cpp.o /tmp/ccSrs8d5.s
GNU assembler version 2.31.1 (loongarch64-linux-gnu) using BFD version (LoongArch GNU toolchain rc1.4 20240615) 2.31.1.20190122
COMPILER_PATH=/opt/loongson-gnu-toolchain-8.3-x86_64-loongarch64-linux-gnu-rc1.4/bin/../libexec/gcc/loongarch64-linux-gnu/8.3.0/:/opt/loongson-gnu-toolchain-8.3-x86_64-loongarch64-linux-gnu-rc1.4/bin/../libexec/gcc/:/opt/loongson-gnu-toolchain-8.3-x86_64-loongarch64-linux-gnu-rc1.4/bin/../lib/gcc/loongarch64-linux-gnu/8.3.0/../../../../loongarch64-linux-gnu/bin/
LIBRARY_PATH=/opt/loongson-gnu-toolchain-8.3-x86_64-loongarch64-linux-gnu-rc1.4/bin/../lib/gcc/loongarch64-linux-gnu/8.3.0/:/opt/loongson-gnu-toolchain-8.3-x86_64-loongarch64-linux-gnu-rc1.4/bin/../lib/gcc/:/opt/loongson-gnu-toolchain-8.3-x86_64-loongarch64-linux-gnu-rc1.4/bin/../loongarch64-linux-gnu/sysroot/lib/../lib64/:/opt/loongson-gnu-toolchain-8.3-x86_64-loongarch64-linux-gnu-rc1.4/bin/../loongarch64-linux-gnu/sysroot/usr/lib/../lib64/:/opt/loongson-gnu-toolchain-8.3-x86_64-loongarch64-linux-gnu-rc1.4/bin/../lib/gcc/loongarch64-linux-gnu/8.3.0/../../../../loongarch64-linux-gnu/lib/:/opt/loongson-gnu-toolchain-8.3-x86_64-loongarch64-linux-gnu-rc1.4/bin/../loongarch64-linux-gnu/sysroot/lib/:/opt/loongson-gnu-toolchain-8.3-x86_64-loongarch64-linux-gnu-rc1.4/bin/../loongarch64-linux-gnu/sysroot/usr/lib/
COLLECT_GCC_OPTIONS='-v' '-o' 'CMakeFiles/cmTC_48592.dir/CMakeCXXCompilerABI.cpp.o' '-c' '-shared-libgcc' '-mabi=lp64d' '-march=loongarch64' '-mfpu=64' '-msimd=none' '-mcmodel=normal' '-mtune=loongarch64'
Linking CXX executable cmTC_48592
/usr/bin/cmake -E cmake_link_script CMakeFiles/cmTC_48592.dir/link.txt --verbose=1
/opt/loongson-gnu-toolchain-8.3-x86_64-loongarch64-linux-gnu-rc1.4/bin/loongarch64-linux-gnu-g++      -v CMakeFiles/cmTC_48592.dir/CMakeCXXCompilerABI.cpp.o  -o cmTC_48592 
Using built-in specs.
COLLECT_GCC=/opt/loongson-gnu-toolchain-8.3-x86_64-loongarch64-linux-gnu-rc1.4/bin/loongarch64-linux-gnu-g++
COLLECT_LTO_WRAPPER=/opt/loongson-gnu-toolchain-8.3-x86_64-loongarch64-linux-gnu-rc1.4/bin/../libexec/gcc/loongarch64-linux-gnu/8.3.0/lto-wrapper
Target: loongarch64-linux-gnu
Configured with: /dev/shm/build-loongarch64-linux-gnu-x86_64-gcc8-rc1.4-20240615/src/gcc/configure CC='/dev/shm/build-loongarch64-linux-gnu-x86_64-gcc8-rc1.4-20240615/build-cross-host/root/usr/bin/x86_64-linux-gnu-gcc    -I/dev/shm/build-loongarch64-linux-gnu-x86_64-gcc8-rc1.4-20240615/build-lib-host/root/usr/include' CXX='/dev/shm/build-loongarch64-linux-gnu-x86_64-gcc8-rc1.4-20240615/build-cross-host/root/usr/bin/x86_64-linux-gnu-g++    -I/dev/shm/build-loongarch64-linux-gnu-x86_64-gcc8-rc1.4-20240615/build-lib-host/root/usr/include' LDFLAGS=' -static-libstdc++ -static-libgcc  -L/dev/shm/build-loongarch64-linux-gnu-x86_64-gcc8-rc1.4-20240615/build-lib-host/root/usr/lib/../lib' CC_FOR_TARGET=: --build=x86_64-pc-linux-gnu --host=x86_64-linux-gnu --target=loongarch64-linux-gnu --prefix=/dev/shm/build-loongarch64-linux-gnu-x86_64-gcc8-rc1.4-20240615/build-canadian/root/usr --with-sysroot=/dev/shm/build-loongarch64-linux-gnu-x86_64-gcc8-rc1.4-20240615/build-canadian/root/usr/loongarch64-linux-gnu/sysroot --with-native-system-header-dir=/usr/include --with-gxx-include-dir=/dev/shm/build-loongarch64-linux-gnu-x86_64-gcc8-rc1.4-20240615/build-canadian/root/usr/loongarch64-linux-gnu/sysroot/usr/include/c++/8.3.0 --enable-languages=c,c++,fortran --with-build-sysroot= --disable-libstdcxx --disable-libgfortran --disable-libphobos --disable-libgomp --enable-libcc1 --enable-threads=posix --enable-__cxa_atexit --enable-initfini-array --disable-nls --disable-libmpx --disable-bootstrap --with-arch=loongarch64 --with-abi=lp64d --with-multilib-list=lp64d,lp64s --enable-checking=release --with-pkgversion='LoongArch GNU toolchain rc1.4 (20240615)'
Thread model: posix
gcc version 8.3.0 (LoongArch GNU toolchain rc1.4 (20240615)) 
COMPILER_PATH=/opt/loongson-gnu-toolchain-8.3-x86_64-loongarch64-linux-gnu-rc1.4/bin/../libexec/gcc/loongarch64-linux-gnu/8.3.0/:/opt/loongson-gnu-toolchain-8.3-x86_64-loongarch64-linux-gnu-rc1.4/bin/../libexec/gcc/:/opt/loongson-gnu-toolchain-8.3-x86_64-loongarch64-linux-gnu-rc1.4/bin/../lib/gcc/loongarch64-linux-gnu/8.3.0/../../../../loongarch64-linux-gnu/bin/
LIBRARY_PATH=/opt/loongson-gnu-toolchain-8.3-x86_64-loongarch64-linux-gnu-rc1.4/bin/../lib/gcc/loongarch64-linux-gnu/8.3.0/:/opt/loongson-gnu-toolchain-8.3-x86_64-loongarch64-linux-gnu-rc1.4/bin/../lib/gcc/:/opt/loongson-gnu-toolchain-8.3-x86_64-loongarch64-linux-gnu-rc1.4/bin/../loongarch64-linux-gnu/sysroot/lib/../lib64/:/opt/loongson-gnu-toolchain-8.3-x86_64-loongarch64-linux-gnu-rc1.4/bin/../loongarch64-linux-gnu/sysroot/usr/lib/../lib64/:/opt/loongson-gnu-toolchain-8.3-x86_64-loongarch64-linux-gnu-rc1.4/bin/../lib/gcc/loongarch64-linux-gnu/8.3.0/../../../../loongarch64-linux-gnu/lib/:/opt/loongson-gnu-toolchain-8.3-x86_64-loongarch64-linux-gnu-rc1.4/bin/../loongarch64-linux-gnu/sysroot/lib/:/opt/loongson-gnu-toolchain-8.3-x86_64-loongarch64-linux-gnu-rc1.4/bin/../loongarch64-linux-gnu/sysroot/usr/lib/
COLLECT_GCC_OPTIONS='-v' '-o' 'cmTC_48592' '-shared-libgcc' '-mabi=lp64d' '-march=loongarch64' '-mfpu=64' '-msimd=none' '-mcmodel=normal' '-mtune=loongarch64'
 /opt/loongson-gnu-toolchain-8.3-x86_64-loongarch64-linux-gnu-rc1.4/bin/../libexec/gcc/loongarch64-linux-gnu/8.3.0/collect2 -plugin /opt/loongson-gnu-toolchain-8.3-x86_64-loongarch64-linux-gnu-rc1.4/bin/../libexec/gcc/loongarch64-linux-gnu/8.3.0/liblto_plugin.so -plugin-opt=/opt/loongson-gnu-toolchain-8.3-x86_64-loongarch64-linux-gnu-rc1.4/bin/../libexec/gcc/loongarch64-linux-gnu/8.3.0/lto-wrapper -plugin-opt=-fresolution=/tmp/ccq4vrXw.res -plugin-opt=-pass-through=-lgcc_s -plugin-opt=-pass-through=-lgcc -plugin-opt=-pass-through=-lc -plugin-opt=-pass-through=-lgcc_s -plugin-opt=-pass-through=-lgcc --sysroot=/opt/loongson-gnu-toolchain-8.3-x86_64-loongarch64-linux-gnu-rc1.4/bin/../loongarch64-linux-gnu/sysroot --eh-frame-hdr -m elf64loongarch -dynamic-linker /lib64/ld.so.1 -o cmTC_48592 /opt/loongson-gnu-toolchain-8.3-x86_64-loongarch64-linux-gnu-rc1.4/bin/../loongarch64-linux-gnu/sysroot/lib/../lib64/crt1.o /opt/loongson-gnu-toolchain-8.3-x86_64-loongarch64-linux-gnu-rc1.4/bin/../loongarch64-linux-gnu/sysroot/lib/../lib64/crti.o /opt/loongson-gnu-toolchain-8.3-x86_64-loongarch64-linux-gnu-rc1.4/bin/../lib/gcc/loongarch64-linux-gnu/8.3.0/crtbegin.o -L/opt/loongson-gnu-toolchain-8.3-x86_64-loongarch64-linux-gnu-rc1.4/bin/../lib/gcc/loongarch64-linux-gnu/8.3.0 -L/opt/loongson-gnu-toolchain-8.3-x86_64-loongarch64-linux-gnu-rc1.4/bin/../lib/gcc -L/opt/loongson-gnu-toolchain-8.3-x86_64-loongarch64-linux-gnu-rc1.4/bin/../loongarch64-linux-gnu/sysroot/lib/../lib64 -L/opt/loongson-gnu-toolchain-8.3-x86_64-loongarch64-linux-gnu-rc1.4/bin/../loongarch64-linux-gnu/sysroot/usr/lib/../lib64 -L/opt/loongson-gnu-toolchain-8.3-x86_64-loongarch64-linux-gnu-rc1.4/bin/../lib/gcc/loongarch64-linux-gnu/8.3.0/../../../../loongarch64-linux-gnu/lib -L/opt/loongson-gnu-toolchain-8.3-x86_64-loongarch64-linux-gnu-rc1.4/bin/../loongarch64-linux-gnu/sysroot/lib -L/opt/loongson-gnu-toolchain-8.3-x86_64-loongarch64-linux-gnu-rc1.4/bin/../loongarch64-linux-gnu/sysroot/usr/lib CMakeFiles/cmTC_48592.dir/CMakeCXXCompilerABI.cpp.o -lstdc++ -lm -lgcc_s -lgcc -lc -lgcc_s -lgcc /opt/loongson-gnu-toolchain-8.3-x86_64-loongarch64-linux-gnu-rc1.4/bin/../lib/gcc/loongarch64-linux-gnu/8.3.0/crtend.o /opt/loongson-gnu-toolchain-8.3-x86_64-loongarch64-linux-gnu-rc1.4/bin/../loongarch64-linux-gnu/sysroot/lib/../lib64/crtn.o
COLLECT_GCC_OPTIONS='-v' '-o' 'cmTC_48592' '-shared-libgcc' '-mabi=lp64d' '-march=loongarch64' '-mfpu=64' '-msimd=none' '-mcmodel=normal' '-mtune=loongarch64'
make[1]: Leaving directory '/home/yuqing/2k300/code/Camera_5G/build/CMakeFiles/CMakeTmp'



Parsed CXX implicit include dir info from above output: rv=done
  found start of include info
  found start of implicit include info
    add: [/opt/loongson-gnu-toolchain-8.3-x86_64-loongarch64-linux-gnu-rc1.4/lib/gcc/loongarch64-linux-gnu/8.3.0/include]
    add: [/opt/loongson-gnu-toolchain-8.3-x86_64-loongarch64-linux-gnu-rc1.4/lib/gcc/loongarch64-linux-gnu/8.3.0/include-fixed]
    add: [/opt/loongson-gnu-toolchain-8.3-x86_64-loongarch64-linux-gnu-rc1.4/loongarch64-linux-gnu/include]
    add: [/opt/loongson-gnu-toolchain-8.3-x86_64-loongarch64-linux-gnu-rc1.4/loongarch64-linux-gnu/sysroot/usr/include/c++/8.3.0]
    add: [/opt/loongson-gnu-toolchain-8.3-x86_64-loongarch64-linux-gnu-rc1.4/loongarch64-linux-gnu/sysroot/usr/include/c++/8.3.0/loongarch64-linux-gnu]
    add: [/opt/loongson-gnu-toolchain-8.3-x86_64-loongarch64-linux-gnu-rc1.4/loongarch64-linux-gnu/sysroot/usr/include/c++/8.3.0/backward]
    add: [/opt/loongson-gnu-toolchain-8.3-x86_64-loongarch64-linux-gnu-rc1.4/loongarch64-linux-gnu/sysroot/usr/include]
  end of search list found
  collapse include dir [/opt/loongson-gnu-toolchain-8.3-x86_64-loongarch64-linux-gnu-rc1.4/lib/gcc/loongarch64-linux-gnu/8.3.0/include] ==> [/opt/loongson-gnu-toolchain-8.3-x86_64-loongarch64-linux-gnu-rc1.4/lib/gcc/loongarch64-linux-gnu/8.3.0/include]
  collapse include dir [/opt/loongson-gnu-toolchain-8.3-x86_64-loongarch64-linux-gnu-rc1.4/lib/gcc/loongarch64-linux-gnu/8.3.0/include-fixed] ==> [/opt/loongson-gnu-toolchain-8.3-x86_64-loongarch64-linux-gnu-rc1.4/lib/gcc/loongarch64-linux-gnu/8.3.0/include-fixed]
  collapse include dir [/opt/loongson-gnu-toolchain-8.3-x86_64-loongarch64-linux-gnu-rc1.4/loongarch64-linux-gnu/include] ==> [/opt/loongson-gnu-toolchain-8.3-x86_64-loongarch64-linux-gnu-rc1.4/loongarch64-linux-gnu/include]
  collapse include dir [/opt/loongson-gnu-toolchain-8.3-x86_64-loongarch64-linux-gnu-rc1.4/loongarch64-linux-gnu/sysroot/usr/include/c++/8.3.0] ==> [/opt/loongson-gnu-toolchain-8.3-x86_64-loongarch64-linux-gnu-rc1.4/loongarch64-linux-gnu/sysroot/usr/include/c++/8.3.0]
  collapse include dir [/opt/loongson-gnu-toolchain-8.3-x86_64-loongarch64-linux-gnu-rc1.4/loongarch64-linux-gnu/sysroot/usr/include/c++/8.3.0/loongarch64-linux-gnu] ==> [/opt/loongson-gnu-toolchain-8.3-x86_64-loongarch64-linux-gnu-rc1.4/loongarch64-linux-gnu/sysroot/usr/include/c++/8.3.0/loongarch64-linux-gnu]
  collapse include dir [/opt/loongson-gnu-toolchain-8.3-x86_64-loongarch64-linux-gnu-rc1.4/loongarch64-linux-gnu/sysroot/usr/include/c++/8.3.0/backward] ==> [/opt/loongson-gnu-toolchain-8.3-x86_64-loongarch64-linux-gnu-rc1.4/loongarch64-linux-gnu/sysroot/usr/include/c++/8.3.0/backward]
  collapse include dir [/opt/loongson-gnu-toolchain-8.3-x86_64-loongarch64-linux-gnu-rc1.4/loongarch64-linux-gnu/sysroot/usr/include] ==> [/opt/loongson-gnu-toolchain-8.3-x86_64-loongarch64-linux-gnu-rc1.4/loongarch64-linux-gnu/sysroot/usr/include]
  implicit include dirs: [/opt/loongson-gnu-toolchain-8.3-x86_64-loongarch64-linux-gnu-rc1.4/lib/gcc/loongarch64-linux-gnu/8.3.0/include;/opt/loongson-gnu-toolchain-8.3-x86_64-loongarch64-linux-gnu-rc1.4/lib/gcc/loongarch64-linux-gnu/8.3.0/include-fixed;/opt/loongson-gnu-toolchain-8.3-x86_64-loongarch64-linux-gnu-rc1.4/loongarch64-linux-gnu/include;/opt/loongson-gnu-toolchain-8.3-x86_64-loongarch64-linux-gnu-rc1.4/loongarch64-linux-gnu/sysroot/usr/include/c++/8.3.0;/opt/loongson-gnu-toolchain-8.3-x86_64-loongarch64-linux-gnu-rc1.4/loongarch64-linux-gnu/sysroot/usr/include/c++/8.3.0/loongarch64-linux-gnu;/opt/loongson-gnu-toolchain-8.3-x86_64-loongarch64-linux-gnu-rc1.4/loongarch64-linux-gnu/sysroot/usr/include/c++/8.3.0/backward;/opt/loongson-gnu-toolchain-8.3-x86_64-loongarch64-linux-gnu-rc1.4/loongarch64-linux-gnu/sysroot/usr/include]


Parsed CXX implicit link information from above output:
  link line regex: [^( *|.*[/\])(ld|CMAKE_LINK_STARTFILE-NOTFOUND|([^/\]+-)?ld|collect2)[^/\]*( |$)]
  ignore line: [Change Dir: /home/yuqing/2k300/code/Camera_5G/build/CMakeFiles/CMakeTmp]
  ignore line: []
  ignore line: [Run Build Command(s):/usr/bin/make cmTC_48592/fast && /usr/bin/make -f CMakeFiles/cmTC_48592.dir/build.make CMakeFiles/cmTC_48592.dir/build]
  ignore line: [make[1]: Entering directory '/home/yuqing/2k300/code/Camera_5G/build/CMakeFiles/CMakeTmp']
  ignore line: [Building CXX object CMakeFiles/cmTC_48592.dir/CMakeCXXCompilerABI.cpp.o]
  ignore line: [/opt/loongson-gnu-toolchain-8.3-x86_64-loongarch64-linux-gnu-rc1.4/bin/loongarch64-linux-gnu-g++    -v -o CMakeFiles/cmTC_48592.dir/CMakeCXXCompilerABI.cpp.o -c /usr/share/cmake-3.16/Modules/CMakeCXXCompilerABI.cpp]
  ignore line: [Using built-in specs.]
  ignore line: [COLLECT_GCC=/opt/loongson-gnu-toolchain-8.3-x86_64-loongarch64-linux-gnu-rc1.4/bin/loongarch64-linux-gnu-g++]
  ignore line: [Target: loongarch64-linux-gnu]
  ignore line: [Configured with: /dev/shm/build-loongarch64-linux-gnu-x86_64-gcc8-rc1.4-20240615/src/gcc/configure CC='/dev/shm/build-loongarch64-linux-gnu-x86_64-gcc8-rc1.4-20240615/build-cross-host/root/usr/bin/x86_64-linux-gnu-gcc    -I/dev/shm/build-loongarch64-linux-gnu-x86_64-gcc8-rc1.4-20240615/build-lib-host/root/usr/include' CXX='/dev/shm/build-loongarch64-linux-gnu-x86_64-gcc8-rc1.4-20240615/build-cross-host/root/usr/bin/x86_64-linux-gnu-g++    -I/dev/shm/build-loongarch64-linux-gnu-x86_64-gcc8-rc1.4-20240615/build-lib-host/root/usr/include' LDFLAGS=' -static-libstdc++ -static-libgcc  -L/dev/shm/build-loongarch64-linux-gnu-x86_64-gcc8-rc1.4-20240615/build-lib-host/root/usr/lib/../lib' CC_FOR_TARGET=: --build=x86_64-pc-linux-gnu --host=x86_64-linux-gnu --target=loongarch64-linux-gnu --prefix=/dev/shm/build-loongarch64-linux-gnu-x86_64-gcc8-rc1.4-20240615/build-canadian/root/usr --with-sysroot=/dev/shm/build-loongarch64-linux-gnu-x86_64-gcc8-rc1.4-20240615/build-canadian/root/usr/loongarch64-linux-gnu/sysroot --with-native-system-header-dir=/usr/include --with-gxx-include-dir=/dev/shm/build-loongarch64-linux-gnu-x86_64-gcc8-rc1.4-20240615/build-canadian/root/usr/loongarch64-linux-gnu/sysroot/usr/include/c++/8.3.0 --enable-languages=c c++ fortran --with-build-sysroot= --disable-libstdcxx --disable-libgfortran --disable-libphobos --disable-libgomp --enable-libcc1 --enable-threads=posix --enable-__cxa_atexit --enable-initfini-array --disable-nls --disable-libmpx --disable-bootstrap --with-arch=loongarch64 --with-abi=lp64d --with-multilib-list=lp64d lp64s --enable-checking=release --with-pkgversion='LoongArch GNU toolchain rc1.4 (20240615)']
  ignore line: [Thread model: posix]
  ignore line: [gcc version 8.3.0 (LoongArch GNU toolchain rc1.4 (20240615)) ]
  ignore line: [COLLECT_GCC_OPTIONS='-v' '-o' 'CMakeFiles/cmTC_48592.dir/CMakeCXXCompilerABI.cpp.o' '-c' '-shared-libgcc' '-mabi=lp64d' '-march=loongarch64' '-mfpu=64' '-msimd=none' '-mcmodel=normal' '-mtune=loongarch64']
  ignore line: [ /opt/loongson-gnu-toolchain-8.3-x86_64-loongarch64-linux-gnu-rc1.4/bin/../libexec/gcc/loongarch64-linux-gnu/8.3.0/cc1plus -quiet -v -imultilib . -iprefix /opt/loongson-gnu-toolchain-8.3-x86_64-loongarch64-linux-gnu-rc1.4/bin/../lib/gcc/loongarch64-linux-gnu/8.3.0/ -isysroot /opt/loongson-gnu-toolchain-8.3-x86_64-loongarch64-linux-gnu-rc1.4/bin/../loongarch64-linux-gnu/sysroot -D_GNU_SOURCE /usr/share/cmake-3.16/Modules/CMakeCXXCompilerABI.cpp -quiet -dumpbase CMakeCXXCompilerABI.cpp -mabi=lp64d -march=loongarch64 -mfpu=64 -msimd=none -mcmodel=normal -mtune=loongarch64 -auxbase-strip CMakeFiles/cmTC_48592.dir/CMakeCXXCompilerABI.cpp.o -version -o /tmp/ccSrs8d5.s]
  ignore line: [GNU C++14 (LoongArch GNU toolchain rc1.4 (20240615)) version 8.3.0 (loongarch64-linux-gnu)]
  ignore line: [	compiled by GNU C version 8.3.0  GMP version 6.1.0  MPFR version 3.1.4  MPC version 1.0.3  isl version isl-0.18-GMP]
  ignore line: []
  ignore line: [GGC heuristics: --param ggc-min-expand=100 --param ggc-min-heapsize=131072]
  ignore line: [ignoring duplicate directory "/opt/loongson-gnu-toolchain-8.3-x86_64-loongarch64-linux-gnu-rc1.4/lib/gcc/loongarch64-linux-gnu/8.3.0/include"]
  ignore line: [ignoring nonexistent directory "/opt/loongson-gnu-toolchain-8.3-x86_64-loongarch64-linux-gnu-rc1.4/bin/../loongarch64-linux-gnu/sysroot/usr/local/include"]
  ignore line: [ignoring duplicate directory "/opt/loongson-gnu-toolchain-8.3-x86_64-loongarch64-linux-gnu-rc1.4/lib/gcc/loongarch64-linux-gnu/8.3.0/include-fixed"]
  ignore line: [ignoring duplicate directory "/opt/loongson-gnu-toolchain-8.3-x86_64-loongarch64-linux-gnu-rc1.4/loongarch64-linux-gnu/include"]
  ignore line: [#include "..." search starts here:]
  ignore line: [#include <...> search starts here:]
  ignore line: [ /opt/loongson-gnu-toolchain-8.3-x86_64-loongarch64-linux-gnu-rc1.4/lib/gcc/loongarch64-linux-gnu/8.3.0/include]
  ignore line: [ /opt/loongson-gnu-toolchain-8.3-x86_64-loongarch64-linux-gnu-rc1.4/lib/gcc/loongarch64-linux-gnu/8.3.0/include-fixed]
  ignore line: [ /opt/loongson-gnu-toolchain-8.3-x86_64-loongarch64-linux-gnu-rc1.4/loongarch64-linux-gnu/include]
  ignore line: [ /opt/loongson-gnu-toolchain-8.3-x86_64-loongarch64-linux-gnu-rc1.4/loongarch64-linux-gnu/sysroot/usr/include/c++/8.3.0]
  ignore line: [ /opt/loongson-gnu-toolchain-8.3-x86_64-loongarch64-linux-gnu-rc1.4/loongarch64-linux-gnu/sysroot/usr/include/c++/8.3.0/loongarch64-linux-gnu]
  ignore line: [ /opt/loongson-gnu-toolchain-8.3-x86_64-loongarch64-linux-gnu-rc1.4/loongarch64-linux-gnu/sysroot/usr/include/c++/8.3.0/backward]
  ignore line: [ /opt/loongson-gnu-toolchain-8.3-x86_64-loongarch64-linux-gnu-rc1.4/loongarch64-linux-gnu/sysroot/usr/include]
  ignore line: [End of search list.]
  ignore line: [GNU C++14 (LoongArch GNU toolchain rc1.4 (20240615)) version 8.3.0 (loongarch64-linux-gnu)]
  ignore line: [	compiled by GNU C version 8.3.0  GMP version 6.1.0  MPFR version 3.1.4  MPC version 1.0.3  isl version isl-0.18-GMP]
  ignore line: []
  ignore line: [GGC heuristics: --param ggc-min-expand=100 --param ggc-min-heapsize=131072]
  ignore line: [Compiler executable checksum: 4dd5eea07ce62f0ef6bec1677846d0f4]
  ignore line: [COLLECT_GCC_OPTIONS='-v' '-o' 'CMakeFiles/cmTC_48592.dir/CMakeCXXCompilerABI.cpp.o' '-c' '-shared-libgcc' '-mabi=lp64d' '-march=loongarch64' '-mfpu=64' '-msimd=none' '-mcmodel=normal' '-mtune=loongarch64']
  ignore line: [ /opt/loongson-gnu-toolchain-8.3-x86_64-loongarch64-linux-gnu-rc1.4/bin/../lib/gcc/loongarch64-linux-gnu/8.3.0/../../../../loongarch64-linux-gnu/bin/as -v -mabi=lp64 -o CMakeFiles/cmTC_48592.dir/CMakeCXXCompilerABI.cpp.o /tmp/ccSrs8d5.s]
  ignore line: [GNU assembler version 2.31.1 (loongarch64-linux-gnu) using BFD version (LoongArch GNU toolchain rc1.4 20240615) 2.31.1.20190122]
  ignore line: [COMPILER_PATH=/opt/loongson-gnu-toolchain-8.3-x86_64-loongarch64-linux-gnu-rc1.4/bin/../libexec/gcc/loongarch64-linux-gnu/8.3.0/:/opt/loongson-gnu-toolchain-8.3-x86_64-loongarch64-linux-gnu-rc1.4/bin/../libexec/gcc/:/opt/loongson-gnu-toolchain-8.3-x86_64-loongarch64-linux-gnu-rc1.4/bin/../lib/gcc/loongarch64-linux-gnu/8.3.0/../../../../loongarch64-linux-gnu/bin/]
  ignore line: [LIBRARY_PATH=/opt/loongson-gnu-toolchain-8.3-x86_64-loongarch64-linux-gnu-rc1.4/bin/../lib/gcc/loongarch64-linux-gnu/8.3.0/:/opt/loongson-gnu-toolchain-8.3-x86_64-loongarch64-linux-gnu-rc1.4/bin/../lib/gcc/:/opt/loongson-gnu-toolchain-8.3-x86_64-loongarch64-linux-gnu-rc1.4/bin/../loongarch64-linux-gnu/sysroot/lib/../lib64/:/opt/loongson-gnu-toolchain-8.3-x86_64-loongarch64-linux-gnu-rc1.4/bin/../loongarch64-linux-gnu/sysroot/usr/lib/../lib64/:/opt/loongson-gnu-toolchain-8.3-x86_64-loongarch64-linux-gnu-rc1.4/bin/../lib/gcc/loongarch64-linux-gnu/8.3.0/../../../../loongarch64-linux-gnu/lib/:/opt/loongson-gnu-toolchain-8.3-x86_64-loongarch64-linux-gnu-rc1.4/bin/../loongarch64-linux-gnu/sysroot/lib/:/opt/loongson-gnu-toolchain-8.3-x86_64-loongarch64-linux-gnu-rc1.4/bin/../loongarch64-linux-gnu/sysroot/usr/lib/]
  ignore line: [COLLECT_GCC_OPTIONS='-v' '-o' 'CMakeFiles/cmTC_48592.dir/CMakeCXXCompilerABI.cpp.o' '-c' '-shared-libgcc' '-mabi=lp64d' '-march=loongarch64' '-mfpu=64' '-msimd=none' '-mcmodel=normal' '-mtune=loongarch64']
  ignore line: [Linking CXX executable cmTC_48592]
  ignore line: [/usr/bin/cmake -E cmake_link_script CMakeFiles/cmTC_48592.dir/link.txt --verbose=1]
  ignore line: [/opt/loongson-gnu-toolchain-8.3-x86_64-loongarch64-linux-gnu-rc1.4/bin/loongarch64-linux-gnu-g++      -v CMakeFiles/cmTC_48592.dir/CMakeCXXCompilerABI.cpp.o  -o cmTC_48592 ]
  ignore line: [Using built-in specs.]
  ignore line: [COLLECT_GCC=/opt/loongson-gnu-toolchain-8.3-x86_64-loongarch64-linux-gnu-rc1.4/bin/loongarch64-linux-gnu-g++]
  ignore line: [COLLECT_LTO_WRAPPER=/opt/loongson-gnu-toolchain-8.3-x86_64-loongarch64-linux-gnu-rc1.4/bin/../libexec/gcc/loongarch64-linux-gnu/8.3.0/lto-wrapper]
  ignore line: [Target: loongarch64-linux-gnu]
  ignore line: [Configured with: /dev/shm/build-loongarch64-linux-gnu-x86_64-gcc8-rc1.4-20240615/src/gcc/configure CC='/dev/shm/build-loongarch64-linux-gnu-x86_64-gcc8-rc1.4-20240615/build-cross-host/root/usr/bin/x86_64-linux-gnu-gcc    -I/dev/shm/build-loongarch64-linux-gnu-x86_64-gcc8-rc1.4-20240615/build-lib-host/root/usr/include' CXX='/dev/shm/build-loongarch64-linux-gnu-x86_64-gcc8-rc1.4-20240615/build-cross-host/root/usr/bin/x86_64-linux-gnu-g++    -I/dev/shm/build-loongarch64-linux-gnu-x86_64-gcc8-rc1.4-20240615/build-lib-host/root/usr/include' LDFLAGS=' -static-libstdc++ -static-libgcc  -L/dev/shm/build-loongarch64-linux-gnu-x86_64-gcc8-rc1.4-20240615/build-lib-host/root/usr/lib/../lib' CC_FOR_TARGET=: --build=x86_64-pc-linux-gnu --host=x86_64-linux-gnu --target=loongarch64-linux-gnu --prefix=/dev/shm/build-loongarch64-linux-gnu-x86_64-gcc8-rc1.4-20240615/build-canadian/root/usr --with-sysroot=/dev/shm/build-loongarch64-linux-gnu-x86_64-gcc8-rc1.4-20240615/build-canadian/root/usr/loongarch64-linux-gnu/sysroot --with-native-system-header-dir=/usr/include --with-gxx-include-dir=/dev/shm/build-loongarch64-linux-gnu-x86_64-gcc8-rc1.4-20240615/build-canadian/root/usr/loongarch64-linux-gnu/sysroot/usr/include/c++/8.3.0 --enable-languages=c c++ fortran --with-build-sysroot= --disable-libstdcxx --disable-libgfortran --disable-libphobos --disable-libgomp --enable-libcc1 --enable-threads=posix --enable-__cxa_atexit --enable-initfini-array --disable-nls --disable-libmpx --disable-bootstrap --with-arch=loongarch64 --with-abi=lp64d --with-multilib-list=lp64d lp64s --enable-checking=release --with-pkgversion='LoongArch GNU toolchain rc1.4 (20240615)']
  ignore line: [Thread model: posix]
  ignore line: [gcc version 8.3.0 (LoongArch GNU toolchain rc1.4 (20240615)) ]
  ignore line: [COMPILER_PATH=/opt/loongson-gnu-toolchain-8.3-x86_64-loongarch64-linux-gnu-rc1.4/bin/../libexec/gcc/loongarch64-linux-gnu/8.3.0/:/opt/loongson-gnu-toolchain-8.3-x86_64-loongarch64-linux-gnu-rc1.4/bin/../libexec/gcc/:/opt/loongson-gnu-toolchain-8.3-x86_64-loongarch64-linux-gnu-rc1.4/bin/../lib/gcc/loongarch64-linux-gnu/8.3.0/../../../../loongarch64-linux-gnu/bin/]
  ignore line: [LIBRARY_PATH=/opt/loongson-gnu-toolchain-8.3-x86_64-loongarch64-linux-gnu-rc1.4/bin/../lib/gcc/loongarch64-linux-gnu/8.3.0/:/opt/loongson-gnu-toolchain-8.3-x86_64-loongarch64-linux-gnu-rc1.4/bin/../lib/gcc/:/opt/loongson-gnu-toolchain-8.3-x86_64-loongarch64-linux-gnu-rc1.4/bin/../loongarch64-linux-gnu/sysroot/lib/../lib64/:/opt/loongson-gnu-toolchain-8.3-x86_64-loongarch64-linux-gnu-rc1.4/bin/../loongarch64-linux-gnu/sysroot/usr/lib/../lib64/:/opt/loongson-gnu-toolchain-8.3-x86_64-loongarch64-linux-gnu-rc1.4/bin/../lib/gcc/loongarch64-linux-gnu/8.3.0/../../../../loongarch64-linux-gnu/lib/:/opt/loongson-gnu-toolchain-8.3-x86_64-loongarch64-linux-gnu-rc1.4/bin/../loongarch64-linux-gnu/sysroot/lib/:/opt/loongson-gnu-toolchain-8.3-x86_64-loongarch64-linux-gnu-rc1.4/bin/../loongarch64-linux-gnu/sysroot/usr/lib/]
  ignore line: [COLLECT_GCC_OPTIONS='-v' '-o' 'cmTC_48592' '-shared-libgcc' '-mabi=lp64d' '-march=loongarch64' '-mfpu=64' '-msimd=none' '-mcmodel=normal' '-mtune=loongarch64']
  link line: [ /opt/loongson-gnu-toolchain-8.3-x86_64-loongarch64-linux-gnu-rc1.4/bin/../libexec/gcc/loongarch64-linux-gnu/8.3.0/collect2 -plugin /opt/loongson-gnu-toolchain-8.3-x86_64-loongarch64-linux-gnu-rc1.4/bin/../libexec/gcc/loongarch64-linux-gnu/8.3.0/liblto_plugin.so -plugin-opt=/opt/loongson-gnu-toolchain-8.3-x86_64-loongarch64-linux-gnu-rc1.4/bin/../libexec/gcc/loongarch64-linux-gnu/8.3.0/lto-wrapper -plugin-opt=-fresolution=/tmp/ccq4vrXw.res -plugin-opt=-pass-through=-lgcc_s -plugin-opt=-pass-through=-lgcc -plugin-opt=-pass-through=-lc -plugin-opt=-pass-through=-lgcc_s -plugin-opt=-pass-through=-lgcc --sysroot=/opt/loongson-gnu-toolchain-8.3-x86_64-loongarch64-linux-gnu-rc1.4/bin/../loongarch64-linux-gnu/sysroot --eh-frame-hdr -m elf64loongarch -dynamic-linker /lib64/ld.so.1 -o cmTC_48592 /opt/loongson-gnu-toolchain-8.3-x86_64-loongarch64-linux-gnu-rc1.4/bin/../loongarch64-linux-gnu/sysroot/lib/../lib64/crt1.o /opt/loongson-gnu-toolchain-8.3-x86_64-loongarch64-linux-gnu-rc1.4/bin/../loongarch64-linux-gnu/sysroot/lib/../lib64/crti.o /opt/loongson-gnu-toolchain-8.3-x86_64-loongarch64-linux-gnu-rc1.4/bin/../lib/gcc/loongarch64-linux-gnu/8.3.0/crtbegin.o -L/opt/loongson-gnu-toolchain-8.3-x86_64-loongarch64-linux-gnu-rc1.4/bin/../lib/gcc/loongarch64-linux-gnu/8.3.0 -L/opt/loongson-gnu-toolchain-8.3-x86_64-loongarch64-linux-gnu-rc1.4/bin/../lib/gcc -L/opt/loongson-gnu-toolchain-8.3-x86_64-loongarch64-linux-gnu-rc1.4/bin/../loongarch64-linux-gnu/sysroot/lib/../lib64 -L/opt/loongson-gnu-toolchain-8.3-x86_64-loongarch64-linux-gnu-rc1.4/bin/../loongarch64-linux-gnu/sysroot/usr/lib/../lib64 -L/opt/loongson-gnu-toolchain-8.3-x86_64-loongarch64-linux-gnu-rc1.4/bin/../lib/gcc/loongarch64-linux-gnu/8.3.0/../../../../loongarch64-linux-gnu/lib -L/opt/loongson-gnu-toolchain-8.3-x86_64-loongarch64-linux-gnu-rc1.4/bin/../loongarch64-linux-gnu/sysroot/lib -L/opt/loongson-gnu-toolchain-8.3-x86_64-loongarch64-linux-gnu-rc1.4/bin/../loongarch64-linux-gnu/sysroot/usr/lib CMakeFiles/cmTC_48592.dir/CMakeCXXCompilerABI.cpp.o -lstdc++ -lm -lgcc_s -lgcc -lc -lgcc_s -lgcc /opt/loongson-gnu-toolchain-8.3-x86_64-loongarch64-linux-gnu-rc1.4/bin/../lib/gcc/loongarch64-linux-gnu/8.3.0/crtend.o /opt/loongson-gnu-toolchain-8.3-x86_64-loongarch64-linux-gnu-rc1.4/bin/../loongarch64-linux-gnu/sysroot/lib/../lib64/crtn.o]
    arg [/opt/loongson-gnu-toolchain-8.3-x86_64-loongarch64-linux-gnu-rc1.4/bin/../libexec/gcc/loongarch64-linux-gnu/8.3.0/collect2] ==> ignore
    arg [-plugin] ==> ignore
    arg [/opt/loongson-gnu-toolchain-8.3-x86_64-loongarch64-linux-gnu-rc1.4/bin/../libexec/gcc/loongarch64-linux-gnu/8.3.0/liblto_plugin.so] ==> ignore
    arg [-plugin-opt=/opt/loongson-gnu-toolchain-8.3-x86_64-loongarch64-linux-gnu-rc1.4/bin/../libexec/gcc/loongarch64-linux-gnu/8.3.0/lto-wrapper] ==> ignore
    arg [-plugin-opt=-fresolution=/tmp/ccq4vrXw.res] ==> ignore
    arg [-plugin-opt=-pass-through=-lgcc_s] ==> ignore
    arg [-plugin-opt=-pass-through=-lgcc] ==> ignore
    arg [-plugin-opt=-pass-through=-lc] ==> ignore
    arg [-plugin-opt=-pass-through=-lgcc_s] ==> ignore
    arg [-plugin-opt=-pass-through=-lgcc] ==> ignore
    arg [--sysroot=/opt/loongson-gnu-toolchain-8.3-x86_64-loongarch64-linux-gnu-rc1.4/bin/../loongarch64-linux-gnu/sysroot] ==> ignore
    arg [--eh-frame-hdr] ==> ignore
    arg [-m] ==> ignore
    arg [elf64loongarch] ==> ignore
    arg [-dynamic-linker] ==> ignore
    arg [/lib64/ld.so.1] ==> ignore
    arg [-o] ==> ignore
    arg [cmTC_48592] ==> ignore
    arg [/opt/loongson-gnu-toolchain-8.3-x86_64-loongarch64-linux-gnu-rc1.4/bin/../loongarch64-linux-gnu/sysroot/lib/../lib64/crt1.o] ==> ignore
    arg [/opt/loongson-gnu-toolchain-8.3-x86_64-loongarch64-linux-gnu-rc1.4/bin/../loongarch64-linux-gnu/sysroot/lib/../lib64/crti.o] ==> ignore
    arg [/opt/loongson-gnu-toolchain-8.3-x86_64-loongarch64-linux-gnu-rc1.4/bin/../lib/gcc/loongarch64-linux-gnu/8.3.0/crtbegin.o] ==> ignore
    arg [-L/opt/loongson-gnu-toolchain-8.3-x86_64-loongarch64-linux-gnu-rc1.4/bin/../lib/gcc/loongarch64-linux-gnu/8.3.0] ==> dir [/opt/loongson-gnu-toolchain-8.3-x86_64-loongarch64-linux-gnu-rc1.4/bin/../lib/gcc/loongarch64-linux-gnu/8.3.0]
    arg [-L/opt/loongson-gnu-toolchain-8.3-x86_64-loongarch64-linux-gnu-rc1.4/bin/../lib/gcc] ==> dir [/opt/loongson-gnu-toolchain-8.3-x86_64-loongarch64-linux-gnu-rc1.4/bin/../lib/gcc]
    arg [-L/opt/loongson-gnu-toolchain-8.3-x86_64-loongarch64-linux-gnu-rc1.4/bin/../loongarch64-linux-gnu/sysroot/lib/../lib64] ==> dir [/opt/loongson-gnu-toolchain-8.3-x86_64-loongarch64-linux-gnu-rc1.4/bin/../loongarch64-linux-gnu/sysroot/lib/../lib64]
    arg [-L/opt/loongson-gnu-toolchain-8.3-x86_64-loongarch64-linux-gnu-rc1.4/bin/../loongarch64-linux-gnu/sysroot/usr/lib/../lib64] ==> dir [/opt/loongson-gnu-toolchain-8.3-x86_64-loongarch64-linux-gnu-rc1.4/bin/../loongarch64-linux-gnu/sysroot/usr/lib/../lib64]
    arg [-L/opt/loongson-gnu-toolchain-8.3-x86_64-loongarch64-linux-gnu-rc1.4/bin/../lib/gcc/loongarch64-linux-gnu/8.3.0/../../../../loongarch64-linux-gnu/lib] ==> dir [/opt/loongson-gnu-toolchain-8.3-x86_64-loongarch64-linux-gnu-rc1.4/bin/../lib/gcc/loongarch64-linux-gnu/8.3.0/../../../../loongarch64-linux-gnu/lib]
    arg [-L/opt/loongson-gnu-toolchain-8.3-x86_64-loongarch64-linux-gnu-rc1.4/bin/../loongarch64-linux-gnu/sysroot/lib] ==> dir [/opt/loongson-gnu-toolchain-8.3-x86_64-loongarch64-linux-gnu-rc1.4/bin/../loongarch64-linux-gnu/sysroot/lib]
    arg [-L/opt/loongson-gnu-toolchain-8.3-x86_64-loongarch64-linux-gnu-rc1.4/bin/../loongarch64-linux-gnu/sysroot/usr/lib] ==> dir [/opt/loongson-gnu-toolchain-8.3-x86_64-loongarch64-linux-gnu-rc1.4/bin/../loongarch64-linux-gnu/sysroot/usr/lib]
    arg [CMakeFiles/cmTC_48592.dir/CMakeCXXCompilerABI.cpp.o] ==> ignore
    arg [-lstdc++] ==> lib [stdc++]
    arg [-lm] ==> lib [m]
    arg [-lgcc_s] ==> lib [gcc_s]
    arg [-lgcc] ==> lib [gcc]
    arg [-lc] ==> lib [c]
    arg [-lgcc_s] ==> lib [gcc_s]
    arg [-lgcc] ==> lib [gcc]
    arg [/opt/loongson-gnu-toolchain-8.3-x86_64-loongarch64-linux-gnu-rc1.4/bin/../lib/gcc/loongarch64-linux-gnu/8.3.0/crtend.o] ==> ignore
    arg [/opt/loongson-gnu-toolchain-8.3-x86_64-loongarch64-linux-gnu-rc1.4/bin/../loongarch64-linux-gnu/sysroot/lib/../lib64/crtn.o] ==> ignore
  collapse library dir [/opt/loongson-gnu-toolchain-8.3-x86_64-loongarch64-linux-gnu-rc1.4/bin/../lib/gcc/loongarch64-linux-gnu/8.3.0] ==> [/opt/loongson-gnu-toolchain-8.3-x86_64-loongarch64-linux-gnu-rc1.4/lib/gcc/loongarch64-linux-gnu/8.3.0]
  collapse library dir [/opt/loongson-gnu-toolchain-8.3-x86_64-loongarch64-linux-gnu-rc1.4/bin/../lib/gcc] ==> [/opt/loongson-gnu-toolchain-8.3-x86_64-loongarch64-linux-gnu-rc1.4/lib/gcc]
  collapse library dir [/opt/loongson-gnu-toolchain-8.3-x86_64-loongarch64-linux-gnu-rc1.4/bin/../loongarch64-linux-gnu/sysroot/lib/../lib64] ==> [/opt/loongson-gnu-toolchain-8.3-x86_64-loongarch64-linux-gnu-rc1.4/loongarch64-linux-gnu/sysroot/lib64]
  collapse library dir [/opt/loongson-gnu-toolchain-8.3-x86_64-loongarch64-linux-gnu-rc1.4/bin/../loongarch64-linux-gnu/sysroot/usr/lib/../lib64] ==> [/opt/loongson-gnu-toolchain-8.3-x86_64-loongarch64-linux-gnu-rc1.4/loongarch64-linux-gnu/sysroot/usr/lib64]
  collapse library dir [/opt/loongson-gnu-toolchain-8.3-x86_64-loongarch64-linux-gnu-rc1.4/bin/../lib/gcc/loongarch64-linux-gnu/8.3.0/../../../../loongarch64-linux-gnu/lib] ==> [/opt/loongson-gnu-toolchain-8.3-x86_64-loongarch64-linux-gnu-rc1.4/loongarch64-linux-gnu/lib]
  collapse library dir [/opt/loongson-gnu-toolchain-8.3-x86_64-loongarch64-linux-gnu-rc1.4/bin/../loongarch64-linux-gnu/sysroot/lib] ==> [/opt/loongson-gnu-toolchain-8.3-x86_64-loongarch64-linux-gnu-rc1.4/loongarch64-linux-gnu/sysroot/lib]
  collapse library dir [/opt/loongson-gnu-toolchain-8.3-x86_64-loongarch64-linux-gnu-rc1.4/bin/../loongarch64-linux-gnu/sysroot/usr/lib] ==> [/opt/loongson-gnu-toolchain-8.3-x86_64-loongarch64-linux-gnu-rc1.4/loongarch64-linux-gnu/sysroot/usr/lib]
  implicit libs: [stdc++;m;gcc_s;gcc;c;gcc_s;gcc]
  implicit dirs: [/opt/loongson-gnu-toolchain-8.3-x86_64-loongarch64-linux-gnu-rc1.4/lib/gcc/loongarch64-linux-gnu/8.3.0;/opt/loongson-gnu-toolchain-8.3-x86_64-loongarch64-linux-gnu-rc1.4/lib/gcc;/opt/loongson-gnu-toolchain-8.3-x86_64-loongarch64-linux-gnu-rc1.4/loongarch64-linux-gnu/sysroot/lib64;/opt/loongson-gnu-toolchain-8.3-x86_64-loongarch64-linux-gnu-rc1.4/loongarch64-linux-gnu/sysroot/usr/lib64;/opt/loongson-gnu-toolchain-8.3-x86_64-loongarch64-linux-gnu-rc1.4/loongarch64-linux-gnu/lib;/opt/loongson-gnu-toolchain-8.3-x86_64-loongarch64-linux-gnu-rc1.4/loongarch64-linux-gnu/sysroot/lib;/opt/loongson-gnu-toolchain-8.3-x86_64-loongarch64-linux-gnu-rc1.4/loongarch64-linux-gnu/sysroot/usr/lib]
  implicit fwks: []


